[2016.01.01-07.26.32:694][  0]Log file open, 01/01/16 15:26:32
[2016.01.01-07.26.32:694][  0]LogInit:Display: Running engine for game: ScrewMan
[2016.01.01-07.26.32:694][  0]LogInit:Display: RandInit(-1800349977) SRandInit(-1800349976).
[2016.01.01-07.26.32:694][  0]LogTaskGraph: Started task graph with 4 named threads and 5 total threads.
[2016.01.01-07.26.32:694][  0]LogStats: Stats thread started at 6.926152
[2016.01.01-07.26.32:694][  0]LogInit: Version: 4.9.1-2689999+++depot+UE4-Releases+4.9
[2016.01.01-07.26.32:694][  0]LogInit: API Version: 2672455
[2016.01.01-07.26.32:694][  0]LogInit: Compiled (64-bit): Sep 14 2015 04:12:03
[2016.01.01-07.26.32:694][  0]LogInit: Compiled with Visual C++: 18.00.21005.01
[2016.01.01-07.26.32:694][  0]LogInit: Build Configuration: Development
[2016.01.01-07.26.32:694][  0]LogInit: Branch Name: ++depot+UE4-Releases+4.9
[2016.01.01-07.26.32:694][  0]LogInit: Command line:  
[2016.01.01-07.26.32:694][  0]LogInit: Base directory: E:/UnrealEngine4/Epic Games/4.9/Engine/Binaries/Win64/
[2016.01.01-07.26.32:694][  0]LogInit: Rocket: 1
[2016.01.01-07.26.33:012][  0]LogInit: Using libcurl 7.41.0
[2016.01.01-07.26.33:012][  0]LogInit:  - built for x86_64-pc-win32
[2016.01.01-07.26.33:012][  0]LogInit:  - supports SSL with WinSSL
[2016.01.01-07.26.33:012][  0]LogInit:  - other features:
[2016.01.01-07.26.33:012][  0]LogInit:      CURL_VERSION_SSL
[2016.01.01-07.26.33:012][  0]LogInit:      CURL_VERSION_IPV6
[2016.01.01-07.26.33:012][  0]LogInit:      CURL_VERSION_ASYNCHDNS
[2016.01.01-07.26.33:012][  0]LogInit:      CURL_VERSION_LARGEFILE
[2016.01.01-07.26.33:012][  0]LogInit:      CURL_VERSION_IDN
[2016.01.01-07.26.33:013][  0]LogInit:  CurlRequestOptions (configurable via config and command line):
[2016.01.01-07.26.33:013][  0]LogInit:  - bVerifyPeer = true  - Libcurl will verify peer certificate
[2016.01.01-07.26.33:013][  0]LogInit:  - bUseHttpProxy = false  - Libcurl will NOT use HTTP proxy
[2016.01.01-07.26.33:013][  0]LogInit:  - bDontReuseConnections = false  - Libcurl will reuse connections
[2016.01.01-07.26.33:013][  0]LogInit:  - CertBundlePath = nullptr  - Libcurl will use whatever was configured at build time.
[2016.01.01-07.26.33:259][  0]LogInit: Presizing for 0 objects not considered by GC, pre-allocating 0 bytes.
[2016.01.01-07.26.33:761][  0]LogInit: Object subsystem initialized
[2016.01.01-07.26.34:111][  0]LogInit: Selected Device Profile: [Windows]
[2016.01.01-07.26.34:111][  0]LogInit: Applying CVar settings loaded from the selected device profile: [Windows]
[2016.01.01-07.26.34:399][  0]LogInit: Computer: PC201501221951
[2016.01.01-07.26.34:399][  0]LogInit: User: Administrator
[2016.01.01-07.26.34:399][  0]LogInit: CPU Page size=4096, Cores=2
[2016.01.01-07.26.34:411][  0]LogInit: High frequency timer resolution =2.435957 MHz
[2016.01.01-07.26.34:412][  0]LogMemory: Memory total: Physical=7.9GB (8GB approx)
[2016.01.01-07.26.34:412][  0]LogMemory: Platform Memory Stats for Windows
[2016.01.01-07.26.34:412][  0]LogMemory: Process Physical Memory: 53.37 MB used, 53.37 MB peak
[2016.01.01-07.26.34:412][  0]LogMemory: Process Virtual Memory: 58.19 MB used, 58.19 MB peak
[2016.01.01-07.26.34:412][  0]LogMemory: Physical Memory: 3400.31 MB used, 8090.36 MB total
[2016.01.01-07.26.34:412][  0]LogMemory: Virtual Memory: 338.38 MB used, 8388608.00 MB total
[2016.01.01-07.26.39:002][  0]LogD3D11RHI: Found D3D11 adapter 0: Intel(R) HD Graphics 4000 (Feature Level 11_0)
[2016.01.01-07.26.39:002][  0]LogD3D11RHI: Adapter has 1071MB of dedicated video memory, 0MB of dedicated system memory, and 3789MB of shared system memory, 1 output[s]
[2016.01.01-07.26.39:002][  0]LogD3D11RHI: Chosen D3D11 Adapter Id = 0
[2016.01.01-07.26.39:007][  0]LogD3D11RHI: !Direct3DDevice
[2016.01.01-07.26.39:007][  0]LogRHI: Texture pool is 1361 MB (70% of 1945 MB)
[2016.01.01-07.26.39:035][  0]LogD3D11RHI: Async texture creation enabled
[2016.01.01-07.26.39:739][  0]LogShaderCompilers: Guid format shader working directory is 15 characters bigger than the processId version (D:/Documents/Unreal Projects/ScrewMan/Intermediate/Shaders/WorkingDirectory/5388/).
[2016.01.01-07.26.39:739][  0]LogShaderCompilers: Cleaned the shader compiler working directory 'D:/Documents/Unreal Projects/ScrewMan/Intermediate/Shaders/tmp/5E340E174377DF5A826D61867D7241EB/'.
[2016.01.01-07.26.39:746][  0]LogShaderCompilers:Display: Using Local Shader Compiler.
[2016.01.01-07.26.54:976][  0]LogTemp:Display: Loaded TP AllDesktopTargetPlatform
[2016.01.01-07.26.55:029][  0]LogTemp:Display: Loaded TP WindowsClientTargetPlatform
[2016.01.01-07.26.55:049][  0]LogTemp:Display: Loaded TP WindowsNoEditorTargetPlatform
[2016.01.01-07.26.55:108][  0]LogTemp:Display: Loaded TP WindowsServerTargetPlatform
[2016.01.01-07.26.55:130][  0]LogTemp:Display: Loaded TP WindowsTargetPlatform
[2016.01.01-07.26.55:159][  0]LogTemp:Display: Loaded TP AndroidTargetPlatform
[2016.01.01-07.26.55:181][  0]LogTemp:Display: Loaded TP Android_ASTCTargetPlatform
[2016.01.01-07.26.55:197][  0]LogTemp:Display: Loaded TP Android_ATCTargetPlatform
[2016.01.01-07.26.55:227][  0]LogTemp:Display: Loaded TP Android_DXTTargetPlatform
[2016.01.01-07.26.55:251][  0]LogTemp:Display: Loaded TP Android_ETC1TargetPlatform
[2016.01.01-07.26.55:265][  0]LogTemp:Display: Loaded TP Android_ETC2TargetPlatform
[2016.01.01-07.26.55:291][  0]LogTemp:Display: Loaded TP Android_PVRTCTargetPlatform
[2016.01.01-07.26.55:315][  0]LogTemp:Display: Loaded TP HTML5TargetPlatform
[2016.01.01-07.26.55:448][  0]LogTemp:Display: Loaded TP IOSTargetPlatform
[2016.01.01-07.26.55:471][  0]LogTemp:Display: Loaded TP LinuxNoEditorTargetPlatform
[2016.01.01-07.26.55:498][  0]LogTemp:Display: Loaded TP LinuxServerTargetPlatform
[2016.01.01-07.26.55:545][  0]LogTemp:Display: Loaded TP LinuxTargetPlatform
[2016.01.01-07.26.55:545][  0]LogTargetPlatformManager:Display: Building Assets For Windows
[2016.01.01-07.26.56:535][  0]LogDerivedDataCache:Display: Max Cache Size: 512 MB
[2016.01.01-07.26.56:989][  0]LogDerivedDataCache: Loaded boot cache 0.45s 41MB C:/Users/Administrator/AppData/Local/UnrealEngine/4.9/DerivedDataCache/Boot.ddc.
[2016.01.01-07.26.56:989][  0]LogDerivedDataCache:Display: Loaded Boot cache: C:/Users/Administrator/AppData/Local/UnrealEngine/4.9/DerivedDataCache/Boot.ddc
[2016.01.01-07.26.56:989][  0]LogDerivedDataCache: FDerivedDataBackendGraph:  Pak pak cache file D:/Documents/Unreal Projects/ScrewMan/DerivedDataCache/DDC.ddp not found, will not use a pak cache.
[2016.01.01-07.26.56:989][  0]LogDerivedDataCache: Unable to find inner node Pak for hierarchical cache Hierarchy.
[2016.01.01-07.26.56:990][  0]LogDerivedDataCache: FDerivedDataBackendGraph:  CompressedPak pak cache file D:/Documents/Unreal Projects/ScrewMan/DerivedDataCache/Compressed.ddp not found, will not use a pak cache.
[2016.01.01-07.26.56:990][  0]LogDerivedDataCache: Unable to find inner node CompressedPak for hierarchical cache Hierarchy.
[2016.01.01-07.26.57:314][  0]LogDerivedDataCache:Display: Pak cache opened for reading ../../../Engine/DerivedDataCache/Compressed.ddp.
[2016.01.01-07.26.57:356][  0]LogDerivedDataCache: Using Local data cache path C:/Users/Administrator/AppData/Local/UnrealEngine/Common/DerivedDataCache: Writable
[2016.01.01-07.27.10:461][  0]LogInit: Selected Device Profile: [Windows]
[2016.01.01-07.27.10:525][  0]LogContentStreaming: Texture pool size is 0.000000MB
[2016.01.01-07.27.11:988][  0]LogMeshUtilities: No automatic mesh reduction module available
[2016.01.01-07.27.11:988][  0]LogMeshUtilities: No automatic mesh merging module available
[2016.01.01-07.27.20:806][  0]LogInit: WinSock: version 1.1 (2.2), MaxSocks=32767, MaxUdp=65467
[2016.01.01-07.27.58:986][  0]LogAssetRegistry: FAssetRegistry took 0.0143 seconds to start up
[2016.01.01-07.27.59:312][  0]UdpMessaging: Initializing bridge on interface 0.0.0.0:0 to multicast group 230.0.0.1:6666.
[2016.01.01-07.28.06:104][  0]SourceControl: Info Source control is disabled
[2016.01.01-07.28.06:104][  0]SourceControl: Info Source control is disabled
[2016.01.01-07.28.06:341][  0]SourceControl: Info Source control is disabled
[2016.01.01-07.28.06:575][  0]SourceControl: Info Source control is disabled
[2016.01.01-07.28.09:749][  0]LogLinker:Warning: Asset '../../../Engine/Plugins/Runtime/LeapMotionController/Content/LM_PassthroughMaterial.uasset' has been saved with empty engine version. The asset will be loaded but may be incompatible.
[2016.01.01-07.28.11:270][  0]LogObj: 28528 objects as part of root set at end of initial load.
[2016.01.01-07.28.11:270][  0]LogUObjectAllocator: 6068456 out of 0 bytes used by permanent object pool.
[2016.01.01-07.28.13:158][  0]LogAutomationTest:Warning: Smoke tests took > 1s to run: 1.23s
[2016.01.01-07.28.13:416][  0]LogEngine: Initializing Engine...
[2016.01.01-07.28.13:465][  0]LogHMD: Can't find Oculus library dev build: is proper Runtime installed? Version: 0.7.0.0
[2016.01.01-07.28.13:662][  0]LogHMD: SteamVR failed to initialize.  Err: 110
[2016.01.01-07.28.17:213][  0]LogAIModule: Creating AISystem for world NewWorld
[2016.01.01-07.28.18:045][  0]LogInit: XAudio2 using '扬声器/耳机 (IDT High Definition Audio CODEC)' : 2 channels at 48 kHz using 16 bits per sample (channel mask 0x3)
[2016.01.01-07.28.18:204][  0]LogInit: FAudioDevice initialized.
[2016.01.01-07.28.18:243][  0]LogDerivedDataCache: Saved boot cache 0.04s 41MB C:/Users/Administrator/AppData/Local/UnrealEngine/4.9/DerivedDataCache/Boot.ddc.
[2016.01.01-07.28.18:245][  0]LogInit: Texture streaming: Enabled
[2016.01.01-07.28.18:416][  0]LogAnalytics: Creating configured Analytics provider AnalyticsET
[2016.01.01-07.28.18:417][  0]LogAnalytics: [UEEditor.Rocket.Release] APIServer = http://et2.epicgames.com/ET2/. AppVersion = 4.9.1-2689999+++depot+UE4-Releases+4.9
[2016.01.01-07.28.18:417][  0]LogAnalytics: [UEEditor.Rocket.Release] SetUserId 8eecf5e34f10441dbbd8b7b6e9cef21d|57796e99f93b416d833f00f663f95934|7919e843-469e-437f-ba37-0772f10cf632
[2016.01.01-07.28.18:417][  0]LogAnalytics: [UEEditor.Rocket.Release] AnalyticsET::StartSession
[2016.01.01-07.28.19:324][  0]LogInit: Transaction tracking system initialized
[2016.01.01-07.28.21:068][  0]BlueprintLog: New page: Editor Load
[2016.01.01-07.28.26:481][  0]LocalizationService: Info Localization service is disabled
[2016.01.01-07.28.29:001][  0]LogUObjectGlobals:Warning: Failed to find object 'Class /Engine/Tutorial/Mobile/SettingUpAndroidTutorial.SettingUpAndroidTutorial_C'
[2016.01.01-07.28.30:132][  0]LogConsoleResponse:Display: 
[2016.01.01-07.28.33:562][  0]LogFileCache: Scanning file cache for directory 'D:/Documents/Unreal Projects/ScrewMan/Content/' took 0.06s
[2016.01.01-07.28.33:562][  0]LogCook:Display: Done creating registry. It took  0.00s.
[2016.01.01-07.28.37:974][  0]SourceControl: Info Source control is disabled
[2016.01.01-07.28.38:081][  0]Cmd: MAP LOAD FILE="D:/Documents/Unreal Projects/ScrewMan/Content/Mapes/MainMap.umap" TEMPLATE=0 SHOWPROGRESS=1 FEATURELEVEL=3
[2016.01.01-07.28.38:176][  0]LightingResults: New page: Lighting Build
[2016.01.01-07.28.38:681][  0]MapCheck: New page: Map Check
[2016.01.01-07.28.38:681][  0]LightingResults: New page: Lighting Build
[2016.01.01-07.28.39:353][  0]LogParticles: Destroying 0 GPU particle simulations for FXSystem 0x00000000213B8900
[2016.01.01-07.28.53:065][  0]LogTexture:Display: Building textures: twojump_3 (AutoDXT)
[2016.01.01-07.28.54:023][  0]LogTexture:Display: Building textures: twojump_2 (AutoDXT)
[2016.01.01-07.28.54:384][  0]LogTexture:Display: Building textures: twojump_5 (AutoDXT)
[2016.01.01-07.28.54:757][  0]LogTexture:Display: Building textures: twojump_4 (AutoDXT)
[2016.01.01-07.28.55:071][  0]LogTexture:Display: Building textures: twojump_7 (AutoDXT)
[2016.01.01-07.28.56:241][  0]LogTexture:Display: Building textures: twojump_8 (AutoDXT)
[2016.01.01-07.28.56:757][  0]LogTexture:Display: Building textures: Atlas (AutoDXT)
[2016.01.01-07.28.58:789][  0]LogTexture:Display: Building textures: Run_8 (AutoDXT)
[2016.01.01-07.28.59:149][  0]LogTexture:Display: Building textures: Run_7 (AutoDXT)
[2016.01.01-07.28.59:576][  0]LogTexture:Display: Building textures: Slide_0 (AutoDXT)
[2016.01.01-07.28.59:893][  0]LogTexture:Display: Building textures: Run_9 (AutoDXT)
[2016.01.01-07.29.00:336][  0]LogTexture:Display: Building textures: Slide_1 (AutoDXT)
[2016.01.01-07.29.00:605][  0]LogTexture:Display: Building textures: Run_4 (AutoDXT)
[2016.01.01-07.29.01:007][  0]LogTexture:Display: Building textures: Run_3 (AutoDXT)
[2016.01.01-07.29.01:264][  0]LogTexture:Display: Building textures: Run_2 (AutoDXT)
[2016.01.01-07.29.01:677][  0]LogTexture:Display: Building textures: Run_6 (AutoDXT)
[2016.01.01-07.29.02:140][  0]LogTexture:Display: Building textures: Run_1 (AutoDXT)
[2016.01.01-07.29.02:484][  0]LogTexture:Display: Building textures: Run_0 (AutoDXT)
[2016.01.01-07.29.02:769][  0]LogTexture:Display: Building textures: onejump (AutoDXT)
[2016.01.01-07.29.03:434][  0]LogAIModule: Creating AISystem for world MainMap
[2016.01.01-07.29.04:203][  0]LogEditorServer: Finished looking for orphan Actors (0.000 secs)
[2016.01.01-07.29.04:297][  0]Cmd: MAP CHECKDEP NOCLEARLOG
[2016.01.01-07.29.04:360][  0]MapCheck: Info Map check complete: 0 Error(s), 0 Warning(s), took 62.908ms to complete.
[2016.01.01-07.29.04:368][  0]LogFileHelpers: Loading map 'MainMap' took 26.337
[2016.01.01-07.29.06:275][  0]LogCollectionManager: Loaded 0 collections in 0.005782 seconds
[2016.01.01-07.29.06:472][  0]LogFileCache: Scanning file cache for directory 'D:/Documents/Unreal Projects/ScrewMan/Saved/Collections/' took 0.03s
[2016.01.01-07.29.06:472][  0]LogFileCache: Scanning file cache for directory 'D:/Documents/Unreal Projects/ScrewMan/Content/Developers/Administrator/Collections/' took 0.01s
[2016.01.01-07.29.06:472][  0]LogFileCache: Scanning file cache for directory 'D:/Documents/Unreal Projects/ScrewMan/Content/Collections/' took 0.01s
[2016.01.01-07.29.06:472][  0]LogContentBrowser: Native class hierarchy populated in 0.0263 seconds. Added 1882 classes and 339 folders.
[2016.01.01-07.29.06:692][  0]LogCollectionManager: Rebuilt the GUID cache for 0 collections in 0.000003 seconds
[2016.01.01-07.29.06:836][  0]LogContentBrowser: Native class hierarchy updated for 'WidgetCarousel' in 0.0004 seconds. Added 0 classes and 0 folders.
[2016.01.01-07.29.08:414][  0]LogContentBrowser: Native class hierarchy updated for 'AddContentDialog' in 0.0008 seconds. Added 0 classes and 0 folders.
[2016.01.01-07.29.08:483][  0]LogContentBrowser: Native class hierarchy updated for 'SceneOutliner' in 0.0009 seconds. Added 1 classes and 2 folders.
[2016.01.01-07.29.09:280][  0]LogCrashTracker: Crashtracker disabled due to settings.
[2016.01.01-07.29.09:507][  0]LogUObjectGlobals:Warning: Failed to find object 'Class None.'
[2016.01.01-07.29.09:746][  0]LogLoad: Full Startup: 169.58 seconds (BP compile: 3.15 seconds)
[2016.01.01-07.29.13:227][  0]LogContentStreaming: Texture pool size now 1000 MB
[2016.01.01-07.29.15:345][  0]LogRenderer: Reallocating scene render targets to support 784x376 (Frame:2).
[2016.01.01-07.29.19:577][  7]LogAssetRegistry: Asset discovery search completed in 80.5989 seconds
[2016.01.01-07.29.19:577][  7]LogCollectionManager: Rebuilt the object cache for 0 collections in 0.000001 seconds (found 0 objects)
[2016.01.01-07.29.19:577][  7]LogCollectionManager: Fixed up redirectors for 0 collections in 0.000039 seconds (updated 0 objects)
[2016.01.01-07.29.42:504][675]Cmd: QUIT_EDITOR
[2016.01.01-07.29.43:334][675]LogExit: Preparing to exit.
[2016.01.01-07.29.45:466][675]LogExit: Editor shut down
[2016.01.01-07.29.45:466][675]LogExit: Transaction tracking system shut down
[2016.01.01-07.29.45:749][675]LogParticles: Destroying 0 GPU particle simulations for FXSystem 0x0000000026518540
[2016.01.01-07.29.45:750][675]LogParticles: Destroying 0 GPU particle simulations for FXSystem 0x000000001A67C360
[2016.01.01-07.29.45:751][675]LogParticles: Destroying 0 GPU particle simulations for FXSystem 0x000000001A4D1080
[2016.01.01-07.29.49:599][675]LogExit: Object subsystem successfully closed.
[2016.01.01-07.29.50:297][675]LogD3D11RHI: Shutdown
[2016.01.01-07.29.50:297][675]LogD3D11RHI: CleanupD3DDevice
[2016.01.01-07.29.50:404][675]LogD3D11RHI: ~FD3D11DynamicRHI
[2016.01.01-07.29.52:999][675]LogModuleManager: Shutting down and abandoning module CrashTracker (199)
[2016.01.01-07.29.52:999][675]LogModuleManager: Shutting down and abandoning module SceneOutliner (198)
[2016.01.01-07.29.53:023][675]LogModuleManager: Shutting down and abandoning module SuperSearch (197)
[2016.01.01-07.29.53:023][675]LogModuleManager: Shutting down and abandoning module WidgetCarousel (196)
[2016.01.01-07.29.53:023][675]LogModuleManager: Shutting down and abandoning module AddContentDialog (195)
[2016.01.01-07.29.53:048][675]LogModuleManager: Shutting down and abandoning module EditorWidgets (194)
[2016.01.01-07.29.53:048][675]LogModuleManager: Shutting down and abandoning module CollectionManager (193)
[2016.01.01-07.29.53:048][675]LogModuleManager: Shutting down and abandoning module StatsViewer (192)
[2016.01.01-07.29.53:048][675]LogModuleManager: Shutting down and abandoning module FoliageEdit (191)
[2016.01.01-07.29.53:048][675]LogModuleManager: Shutting down and abandoning module LandscapeEditor (190)
[2016.01.01-07.29.53:107][675]LogModuleManager: Shutting down and abandoning module ActorPickerMode (189)
[2016.01.01-07.29.53:107][675]LogModuleManager: Shutting down and abandoning module GeometryMode (188)
[2016.01.01-07.29.53:107][675]LogModuleManager: Shutting down and abandoning module TextureAlignMode (187)
[2016.01.01-07.29.53:107][675]LogModuleManager: Shutting down and abandoning module BspMode (186)
[2016.01.01-07.29.53:107][675]LogModuleManager: Shutting down and abandoning module PlacementMode (185)
[2016.01.01-07.29.53:107][675]LogModuleManager: Shutting down and abandoning module AutomationWorker (184)
[2016.01.01-07.29.53:107][675]LogModuleManager: Shutting down and abandoning module CharacterAI (183)
[2016.01.01-07.29.53:107][675]LogModuleManager: Shutting down and abandoning module SmartSnapping (182)
[2016.01.01-07.29.53:107][675]LogModuleManager: Shutting down and abandoning module ViewportSnapping (181)
[2016.01.01-07.29.53:107][675]LogModuleManager: Shutting down and abandoning module LogVisualizer (180)
[2016.01.01-07.29.53:108][675]LogModuleManager: Shutting down and abandoning module GameProjectGeneration (179)
[2016.01.01-07.29.53:108][675]LogModuleManager: Shutting down and abandoning module IntroTutorials (178)
[2016.01.01-07.29.53:108][675]LogModuleManager: Shutting down and abandoning module EditorLiveStreaming (177)
[2016.01.01-07.29.53:108][675]LogModuleManager: Shutting down and abandoning module IOSPlatformEditor (176)
[2016.01.01-07.29.53:108][675]LogModuleManager: Shutting down and abandoning module HTML5PlatformEditor (175)
[2016.01.01-07.29.53:108][675]LogModuleManager: Shutting down and abandoning module AndroidDeviceDetection (174)
[2016.01.01-07.29.53:628][675]LogModuleManager: Shutting down and abandoning module AndroidPlatformEditor (173)
[2016.01.01-07.29.53:628][675]LogModuleManager: Shutting down and abandoning module IOSRuntimeSettings (172)
[2016.01.01-07.29.53:628][675]LogModuleManager: Shutting down and abandoning module AndroidRuntimeSettings (171)
[2016.01.01-07.29.53:628][675]LogModuleManager: Shutting down and abandoning module MergeActors (170)
[2016.01.01-07.29.53:660][675]LogModuleManager: Shutting down and abandoning module SizeMap (169)
[2016.01.01-07.29.53:660][675]LogModuleManager: Shutting down and abandoning module TreeMap (168)
[2016.01.01-07.29.53:660][675]LogModuleManager: Shutting down and abandoning module ReferenceViewer (167)
[2016.01.01-07.29.53:660][675]LogModuleManager: Shutting down and abandoning module LocalizationService (166)
[2016.01.01-07.29.53:660][675]LogModuleManager: Shutting down and abandoning module LocalizationDashboard (165)
[2016.01.01-07.29.53:707][675]LogModuleManager: Shutting down and abandoning module HardwareTargeting (164)
[2016.01.01-07.29.53:707][675]LogModuleManager: Shutting down and abandoning module DeviceProfileEditor (163)
[2016.01.01-07.29.53:707][675]LogModuleManager: Shutting down and abandoning module UndoHistory (162)
[2016.01.01-07.29.53:707][675]LogModuleManager: Shutting down and abandoning module GameplayTagsEditor (161)
[2016.01.01-07.29.53:707][675]LogModuleManager: Shutting down and abandoning module UserFeedback (160)
[2016.01.01-07.29.53:707][675]LogModuleManager: Shutting down and abandoning module XmlParser (159)
[2016.01.01-07.29.53:707][675]LogModuleManager: Shutting down and abandoning module Blutility (158)
[2016.01.01-07.29.53:707][675]LogModuleManager: Shutting down and abandoning module ProjectTargetPlatformEditor (157)
[2016.01.01-07.29.53:707][675]LogModuleManager: Shutting down and abandoning module ProjectSettingsViewer (156)
[2016.01.01-07.29.53:707][675]LogModuleManager: Shutting down and abandoning module InputBindingEditor (155)
[2016.01.01-07.29.53:765][675]LogModuleManager: Shutting down and abandoning module EditorSettingsViewer (154)
[2016.01.01-07.29.53:765][675]LogModuleManager: Shutting down and abandoning module SettingsEditor (153)
[2016.01.01-07.29.53:765][675]LogModuleManager: Shutting down and abandoning module ProjectLauncher (152)
[2016.01.01-07.29.53:765][675]LogModuleManager: Shutting down and abandoning module SessionFrontend (151)
[2016.01.01-07.29.53:765][675]LogModuleManager: Shutting down and abandoning module ProfilerClient (150)
[2016.01.01-07.29.53:800][675]LogModuleManager: Shutting down and abandoning module TargetDeviceServices (149)
[2016.01.01-07.29.53:800][675]LogModuleManager: Shutting down and abandoning module DeviceManager (148)
[2016.01.01-07.29.53:800][675]LogModuleManager: Shutting down and abandoning module AutomationController (147)
[2016.01.01-07.29.53:800][675]LogModuleManager: Shutting down and abandoning module AutomationWindow (146)
[2016.01.01-07.29.53:844][675]LogModuleManager: Shutting down and abandoning module Layers (145)
[2016.01.01-07.29.53:884][675]LogModuleManager: Shutting down and abandoning module ComponentVisualizers (144)
[2016.01.01-07.29.53:884][675]LogModuleManager: Shutting down and abandoning module DetailCustomizations (143)
[2016.01.01-07.29.54:001][675]LogModuleManager: Shutting down and abandoning module PackagesDialog (142)
[2016.01.01-07.29.54:001][675]LogModuleManager: Shutting down and abandoning module Persona (141)
[2016.01.01-07.29.54:031][675]LogModuleManager: Shutting down and abandoning module Kismet (140)
[2016.01.01-07.29.54:077][675]LogModuleManager: Shutting down and abandoning module GraphEditor (139)
[2016.01.01-07.29.54:197][675]LogModuleManager: Shutting down and abandoning module ClassViewer (138)
[2016.01.01-07.29.54:197][675]LogModuleManager: Shutting down and abandoning module Toolbox (137)
[2016.01.01-07.29.54:197][675]LogModuleManager: Shutting down and abandoning module ModuleUI (136)
[2016.01.01-07.29.54:216][675]LogModuleManager: Shutting down and abandoning module MovieSceneTools (135)
[2016.01.01-07.29.54:296][675]LogModuleManager: Shutting down and abandoning module OutputLog (134)
[2016.01.01-07.29.54:296][675]LogModuleManager: Shutting down and abandoning module GammaUI (133)
[2016.01.01-07.29.54:346][675]LogModuleManager: Shutting down and abandoning module Documentation (132)
[2016.01.01-07.29.54:346][675]LogModuleManager: Shutting down and abandoning module GameLiveStreaming (131)
[2016.01.01-07.29.54:346][675]LogModuleManager: Shutting down and abandoning module StreamingPauseRendering (130)
[2016.01.01-07.29.54:346][675]LogModuleManager: Shutting down and abandoning module AnalyticsET (129)
[2016.01.01-07.29.54:346][675]LogModuleManager: Shutting down and abandoning module Analytics (128)
[2016.01.01-07.29.54:346][675]LogModuleManager: Shutting down and abandoning module AITestSuite (127)
[2016.01.01-07.29.54:346][675]LogModuleManager: Shutting down and abandoning module GameplayDebugger (126)
[2016.01.01-07.29.54:346][675]LogModuleManager: Shutting down and abandoning module AIModule (125)
[2016.01.01-07.29.54:346][675]LogModuleManager: Shutting down and abandoning module ProfilerService (124)
[2016.01.01-07.29.54:418][675]LogModuleManager: Shutting down and abandoning module TaskGraph (123)
[2016.01.01-07.29.54:418][675]LogModuleManager: Shutting down and abandoning module SubstanceEditor (122)
[2016.01.01-07.29.54:466][675]LogModuleManager: Shutting down and abandoning module SlateRemote (121)
[2016.01.01-07.29.54:466][675]LogModuleManager: Shutting down and abandoning module SteamVRController (120)
[2016.01.01-07.29.54:466][675]LogModuleManager: Shutting down and abandoning module SteamVR (119)
[2016.01.01-07.29.54:466][675]LogModuleManager: Shutting down and abandoning module ProceduralMeshComponent (118)
[2016.01.01-07.29.54:466][675]LogModuleManager: Shutting down and abandoning module OculusRift (117)
[2016.01.01-07.29.54:466][675]LogModuleManager: Shutting down and abandoning module OculusLibrary (116)
[2016.01.01-07.29.54:466][675]LogModuleManager: Shutting down and abandoning module LeapMotionController (115)
[2016.01.01-07.29.54:478][675]LogModuleManager: Shutting down and abandoning module CustomMeshComponent (114)
[2016.01.01-07.29.54:542][675]LogModuleManager: Shutting down and abandoning module CableComponent (113)
[2016.01.01-07.29.54:542][675]LogModuleManager: Shutting down and abandoning module ArchVisCharacter (112)
[2016.01.01-07.29.54:542][675]LogModuleManager: Shutting down and abandoning module MessagingDebugger (111)
[2016.01.01-07.29.54:587][675]LogModuleManager: Shutting down and abandoning module MediaPlayerEditor (110)
[2016.01.01-07.29.54:852][675]LogModuleManager: Shutting down and abandoning module HTML5Networking (109)
[2016.01.01-07.29.54:852][675]LogModuleManager: Shutting down and abandoning module SpeedTreeImporter (108)
[2016.01.01-07.29.54:852][675]LogModuleManager: Shutting down and abandoning module PluginBrowser (107)
[2016.01.01-07.29.54:852][675]LogModuleManager: Shutting down and abandoning module EpicSurvey (106)
[2016.01.01-07.29.54:852][675]LogModuleManager: Shutting down and abandoning module DesktopPlatform (105)
[2016.01.01-07.29.54:852][675]LogModuleManager: Shutting down and abandoning module VisualStudioSourceCodeAccess (104)
[2016.01.01-07.29.54:852][675]LogModuleManager: Shutting down and abandoning module UObjectPlugin (103)
[2016.01.01-07.29.54:852][675]LogModuleManager: Shutting down and abandoning module SubversionSourceControl (102)
[2016.01.01-07.29.54:852][675]LogModuleManager: Shutting down and abandoning module PerforceSourceControl (101)
[2016.01.01-07.29.54:852][675]LogModuleManager: Shutting down and abandoning module SourceControl (100)
[2016.01.01-07.29.54:852][675]LogModuleManager: Shutting down and abandoning module GitSourceControl (99)
[2016.01.01-07.29.54:852][675]LogModuleManager: Shutting down and abandoning module LightPropagationVolumeEditor (98)
[2016.01.01-07.29.54:852][675]LogModuleManager: Shutting down and abandoning module PaperTiledImporter (97)
[2016.01.01-07.29.54:852][675]LogModuleManager: Shutting down and abandoning module PaperSpriteSheetImporter (96)
[2016.01.01-07.29.54:852][675]LogModuleManager: Shutting down and abandoning module MeshPaint (95)
[2016.01.01-07.29.54:852][675]LogModuleManager: Shutting down and abandoning module SlateReflector (94)
[2016.01.01-07.29.54:956][675]LogModuleManager: Shutting down and abandoning module HotReload (93)
[2016.01.01-07.29.54:956][675]LogModuleManager: Shutting down and abandoning module MainFrame (92)
[2016.01.01-07.29.54:956][675]LogModuleManager: Shutting down and abandoning module LevelEditor (91)
[2016.01.01-07.29.55:019][675]LogModuleManager: Shutting down and abandoning module ContentBrowser (90)
[2016.01.01-07.29.55:020][675]LogModuleManager: Shutting down and abandoning module Paper2DEditor (89)
[2016.01.01-07.29.55:105][675]LogModuleManager: Shutting down and abandoning module UdpMessaging (88)
[2016.01.01-07.29.55:205][675]LogModuleManager: Shutting down and abandoning module DirectoryWatcher (87)
[2016.01.01-07.29.55:206][675]LogModuleManager: Shutting down and abandoning module AssetRegistry (86)
[2016.01.01-07.29.55:462][675]LogModuleManager: Shutting down and abandoning module SubstanceCore (85)
[2016.01.01-07.29.55:462][675]LogModuleManager: Shutting down and abandoning module LightPropagationVolumeRuntime (84)
[2016.01.01-07.29.55:462][675]LogModuleManager: Shutting down and abandoning module Paper2D (83)
[2016.01.01-07.29.55:462][675]LogModuleManager: Shutting down and abandoning module WindowsMoviePlayer (82)
[2016.01.01-07.29.55:491][675]LogModuleManager: Shutting down and abandoning module Media (81)
[2016.01.01-07.29.55:491][675]LogModuleManager: Shutting down and abandoning module WmfMedia (80)
[2016.01.01-07.29.55:491][675]LogModuleManager: Shutting down and abandoning module OnlineBlueprintSupport (79)
[2016.01.01-07.29.55:491][675]LogModuleManager: Shutting down and abandoning module GameplayTasksEditor (78)
[2016.01.01-07.29.55:491][675]LogModuleManager: Shutting down and abandoning module PropertyEditor (77)
[2016.01.01-07.29.55:538][675]LogModuleManager: Shutting down and abandoning module BehaviorTreeEditor (76)
[2016.01.01-07.29.56:318][675]LogModuleManager: Shutting down and abandoning module FunctionalTesting (75)
[2016.01.01-07.29.56:318][675]LogModuleManager: Shutting down and abandoning module CollisionAnalyzer (74)
[2016.01.01-07.29.56:318][675]LogModuleManager: Shutting down and abandoning module WorkspaceMenuStructure (73)
[2016.01.01-07.29.56:318][675]LogModuleManager: Shutting down and abandoning module MessageLog (72)
[2016.01.01-07.29.56:318][675]LogModuleManager: Shutting down and abandoning module Sequencer (71)
[2016.01.01-07.29.56:335][675]LogModuleManager: Shutting down and abandoning module AssetTools (70)
[2016.01.01-07.29.56:409][675]LogModuleManager: Shutting down and abandoning module UMGEditor (69)
[2016.01.01-07.29.56:550][675]LogModuleManager: Shutting down and abandoning module UMG (68)
[2016.01.01-07.29.56:550][675]LogModuleManager: Shutting down and abandoning module Slate (67)
[2016.01.01-07.29.56:550][675]LogModuleManager: Shutting down and abandoning module EditorStyle (66)
[2016.01.01-07.29.56:553][675]LogModuleManager: Shutting down and abandoning module SessionServices (65)
[2016.01.01-07.29.56:553][675]LogModuleManager: Shutting down and abandoning module SourceCodeAccess (64)
[2016.01.01-07.29.56:553][675]LogModuleManager: Shutting down and abandoning module HeadMountedDisplay (63)
[2016.01.01-07.29.56:553][675]LogModuleManager: Shutting down and abandoning module XAudio2 (62)
[2016.01.01-07.29.56:553][675]LogModuleManager: Shutting down and abandoning module Networking (60)
[2016.01.01-07.29.56:553][675]LogModuleManager: Shutting down and abandoning module Core (59)
[2016.01.01-07.29.56:553][675]LogModuleManager: Shutting down and abandoning module KismetCompiler (58)
[2016.01.01-07.29.56:553][675]LogModuleManager: Shutting down and abandoning module PhysXFormats (57)
[2016.01.01-07.29.56:553][675]LogModuleManager: Shutting down and abandoning module MeshUtilities (56)
[2016.01.01-07.29.56:645][675]LogModuleManager: Shutting down and abandoning module CookingStats (55)
[2016.01.01-07.29.56:645][675]LogModuleManager: Shutting down and abandoning module DerivedDataCache (54)
[2016.01.01-07.29.56:699][675]LogDerivedDataCache: Shutdown
[2016.01.01-07.29.56:699][675]LogModuleManager: Shutting down and abandoning module ShaderFormatOpenGL (53)
[2016.01.01-07.29.56:771][675]LogModuleManager: Shutting down and abandoning module ShaderFormatD3D (52)
[2016.01.01-07.29.56:771][675]LogModuleManager: Shutting down and abandoning module MetalShaderFormat (51)
[2016.01.01-07.29.56:860][675]LogModuleManager: Shutting down and abandoning module TextureFormatUncompressed (50)
[2016.01.01-07.29.56:860][675]LogModuleManager: Shutting down and abandoning module TextureFormatPVR (49)
[2016.01.01-07.29.56:860][675]LogModuleManager: Shutting down and abandoning module TextureFormatIntelISPCTexComp (48)
[2016.01.01-07.29.56:860][675]LogModuleManager: Shutting down and abandoning module TextureFormatDXT (47)
[2016.01.01-07.29.56:860][675]LogModuleManager: Shutting down and abandoning module ImageWrapper (46)
[2016.01.01-07.29.56:860][675]LogModuleManager: Shutting down and abandoning module TextureFormatASTC (45)
[2016.01.01-07.29.56:860][675]LogModuleManager: Shutting down and abandoning module TextureFormatAndroid (44)
[2016.01.01-07.29.56:860][675]LogModuleManager: Shutting down and abandoning module AudioFormatOpus (43)
[2016.01.01-07.29.56:860][675]LogModuleManager: Shutting down and abandoning module AudioFormatOgg (42)
[2016.01.01-07.29.56:860][675]LogModuleManager: Shutting down and abandoning module AudioFormatADPCM (41)
[2016.01.01-07.29.56:860][675]LogModuleManager: Shutting down and abandoning module LinuxTargetPlatform (40)
[2016.01.01-07.29.56:860][675]LogModuleManager: Shutting down and abandoning module LinuxServerTargetPlatform (39)
[2016.01.01-07.29.56:860][675]LogModuleManager: Shutting down and abandoning module LinuxNoEditorTargetPlatform (38)
[2016.01.01-07.29.56:860][675]LogModuleManager: Shutting down and abandoning module Messaging (37)
[2016.01.01-07.29.56:860][675]LogModuleManager: Shutting down and abandoning module IOSTargetPlatform (36)
[2016.01.01-07.29.56:860][675]LogModuleManager: Shutting down and abandoning module HTML5TargetPlatform (35)
[2016.01.01-07.29.56:860][675]LogModuleManager: Shutting down and abandoning module Android_PVRTCTargetPlatform (34)
[2016.01.01-07.29.56:860][675]LogModuleManager: Shutting down and abandoning module Android_ETC2TargetPlatform (33)
[2016.01.01-07.29.56:860][675]LogModuleManager: Shutting down and abandoning module Android_ETC1TargetPlatform (32)
[2016.01.01-07.29.56:860][675]LogModuleManager: Shutting down and abandoning module Android_DXTTargetPlatform (31)
[2016.01.01-07.29.56:860][675]LogModuleManager: Shutting down and abandoning module Android_ATCTargetPlatform (30)
[2016.01.01-07.29.56:860][675]LogModuleManager: Shutting down and abandoning module Android_ASTCTargetPlatform (29)
[2016.01.01-07.29.56:860][675]LogModuleManager: Shutting down and abandoning module AndroidTargetPlatform (28)
[2016.01.01-07.29.56:861][675]LogModuleManager: Shutting down and abandoning module WindowsTargetPlatform (27)
[2016.01.01-07.29.56:861][675]LogModuleManager: Shutting down and abandoning module WindowsServerTargetPlatform (26)
[2016.01.01-07.29.56:861][675]LogModuleManager: Shutting down and abandoning module WindowsNoEditorTargetPlatform (25)
[2016.01.01-07.29.56:861][675]LogModuleManager: Shutting down and abandoning module WindowsClientTargetPlatform (24)
[2016.01.01-07.29.56:861][675]LogModuleManager: Shutting down and abandoning module AllDesktopTargetPlatform (23)
[2016.01.01-07.29.56:861][675]LogModuleManager: Shutting down and abandoning module TargetPlatform (22)
[2016.01.01-07.29.56:861][675]LogModuleManager: Shutting down and abandoning module InputCore (21)
[2016.01.01-07.29.56:861][675]LogModuleManager: Shutting down and abandoning module Settings (20)
[2016.01.01-07.29.56:861][675]LogModuleManager: Shutting down and abandoning module OnlineSubsystem (18)
[2016.01.01-07.29.56:861][675]LogModuleManager: Shutting down and abandoning module HTTP (17)
[2016.01.01-07.29.59:387][675]LogModuleManager: Shutting down and abandoning module XMPP (16)
[2016.01.01-07.29.59:459][675]LogModuleManager: Shutting down and abandoning module ExampleDeviceProfileSelector (15)
[2016.01.01-07.29.59:459][675]LogModuleManager: Shutting down and abandoning module TextureCompressor (14)
[2016.01.01-07.29.59:459][675]LogModuleManager: Shutting down and abandoning module ShaderCore (13)
[2016.01.01-07.29.59:459][675]LogModuleManager: Shutting down and abandoning module Landscape (12)
[2016.01.01-07.29.59:459][675]LogModuleManager: Shutting down and abandoning module SlateRHIRenderer (11)
[2016.01.01-07.29.59:460][675]LogModuleManager: Shutting down and abandoning module OpenGLDrv (10)
[2016.01.01-07.29.59:479][675]LogModuleManager: Shutting down and abandoning module D3D11RHI (9)
[2016.01.01-07.29.59:479][675]LogModuleManager: Shutting down and abandoning module AnimGraphRuntime (8)
[2016.01.01-07.29.59:727][675]LogModuleManager: Shutting down and abandoning module Renderer (7)
[2016.01.01-07.29.59:727][675]LogModuleManager: Shutting down and abandoning module Engine (6)
[2016.01.01-07.29.59:727][675]LogModuleManager: Shutting down and abandoning module CoreUObject (5)
[2016.01.01-07.29.59:727][675]LogModuleManager: Shutting down and abandoning module NetworkFile (4)
[2016.01.01-07.29.59:832][675]LogModuleManager: Shutting down and abandoning module StreamingFile (3)
[2016.01.01-07.29.59:832][675]LogModuleManager: Shutting down and abandoning module SandboxFile (2)
[2016.01.01-07.29.59:832][675]LogModuleManager: Shutting down and abandoning module PakFile (1)
[2016.01.01-07.29.59:832][675]LogExit: Exiting.
[2016.01.01-07.29.59:849][675]Log file closed, 01/01/16 15:29:59
