Log file open, 06/14/15 15:06:58
LogInit:Display: Running engine for game: ScrewMan
LogInit: Version: 4.7.6-2513093+++depot+UE4-Releases+4.7
LogInit: API Version: 2455222
LogInit: Compiled (64-bit): Apr 15 2015 12:09:54
LogInit: Compiled with Visual C++: 18.00.21005.01
LogInit: Build Configuration: Development
LogInit: Branch Name: ++depot+UE4-Releases+4.7
LogInit: Command line:  
LogInit: Base directory: E:/UnrealEngine4/Epic Games/4.7/Engine/Binaries/Win64/
LogInit: Rocket: 1
[2015.06.14-07.06.58:509][  0]LogTaskGraph: Started task graph with 3 named threads and 4 total threads.
[2015.06.14-07.06.58:556][  0]LogOnline:Warning: No default platform service specified for OnlineSubsystem
[2015.06.14-07.06.58:573][  0]LogInit: Presizing for 0 objects not considered by GC, pre-allocating 0 bytes.
[2015.06.14-07.06.58:586][  0]LogInit: Object subsystem initialized
[2015.06.14-07.06.58:588][  0]LogConsoleResponse:Warning: Skipping Unknown console variable: 'TranslucentSortAxis = (X=0.000000,Y=-1.000000,Z=0.000000)'
[2015.06.14-07.06.58:588][  0]LogConsoleResponse:Warning:   Found in ini file 'D:/Documents/Unreal Projects/ScrewMan/Saved/Config/Windows/Engine.ini', in section '[/Script/Engine.RendererSettings]'
[2015.06.14-07.06.58:588][  0]LogConsoleResponse:Warning: Skipping Unknown console variable: 'UIScaleRule = ShortestSide'
[2015.06.14-07.06.58:588][  0]LogConsoleResponse:Warning:   Found in ini file 'D:/Documents/Unreal Projects/ScrewMan/Saved/Config/Windows/Engine.ini', in section '[/Script/Engine.RendererSettings]'
[2015.06.14-07.06.58:588][  0]LogConsoleResponse:Warning: Skipping Unknown console variable: 'UIScaleCurve = (EditorCurveData=(Keys=),ExternalCurve=None)'
[2015.06.14-07.06.58:588][  0]LogConsoleResponse:Warning:   Found in ini file 'D:/Documents/Unreal Projects/ScrewMan/Saved/Config/Windows/Engine.ini', in section '[/Script/Engine.RendererSettings]'
[2015.06.14-07.06.58:589][  0]LogInit: Selected Device Profile: [Windows]
[2015.06.14-07.06.58:589][  0]LogInit: Applying CVar settings loaded from the selected device profile: [Windows]
[2015.06.14-07.06.58:594][  0]LogInit: Computer: PC201501221951
[2015.06.14-07.06.58:594][  0]LogInit: User: Administrator
[2015.06.14-07.06.58:594][  0]LogInit: CPU Page size=4096, Cores=2
[2015.06.14-07.06.58:594][  0]LogInit: High frequency timer resolution =2.435996 MHz
[2015.06.14-07.06.58:595][  0]LogMemory: Memory total: Physical=7.9GB (8GB approx) Virtual=8192.0GB
[2015.06.14-07.06.58:595][  0]LogMemory: Platform Memory Stats for Windows
[2015.06.14-07.06.58:595][  0]LogMemory: Process Physical Memory: 48.16 MB used, 48.16 MB peak
[2015.06.14-07.06.58:595][  0]LogMemory: Process Virtual Memory: 25.30 MB used, 25.30 MB peak
[2015.06.14-07.06.58:595][  0]LogMemory: Physical Memory: 2471.20 MB used, 8090.36 MB total
[2015.06.14-07.06.58:595][  0]LogMemory: Virtual Memory: 277.75 MB used, 8388608.00 MB total
[2015.06.14-07.06.58:617][  0]LogD3D11RHI: Found D3D11 adapter 0: Intel(R) HD Graphics 4000 (Feature Level 11_0)
[2015.06.14-07.06.58:617][  0]LogD3D11RHI: Adapter has 1071MB of dedicated video memory, 0MB of dedicated system memory, and 3789MB of shared system memory, 1 output[s]
[2015.06.14-07.06.58:617][  0]LogD3D11RHI: Chosen D3D11 Adapter Id = 0
[2015.06.14-07.06.58:621][  0]LogRHI: Texture pool is 1361 MB (70% of 1945 MB)
[2015.06.14-07.06.58:627][  0]LogD3D11RHI: Async texture creation enabled
[2015.06.14-07.06.58:674][  0]LogTextLocalizationManager: The requested culture ('en') has no localization data; parent culture's ('zh_CN') localization data will be used.
[2015.06.14-07.06.58:773][  0]LogTextLocalizationManager:Warning: Loading localization resources contain conflicting entries for (Namespace:UICommands, Key:Save_ToolTip):
Resource: (E:/UnrealEngine4/Epic Games/4.7/Engine/Content/Localization/Editor/en/Editor.locres) Hash: (-29098895) String: (Saves the current level to disk)
Resource: (E:/UnrealEngine4/Epic Games/4.7/Engine/Content/Localization/Engine/en/Engine.locres) Hash: (-1280300587) String: (Save selected data to vlog file)
[2015.06.14-07.06.58:773][  0]LogTextLocalizationManager:Warning: Loading localization resources contain conflicting entries for (Namespace:ContentBrowser, Key:ImportAssetToolTip):
Resource: (E:/UnrealEngine4/Epic Games/4.7/Engine/Content/Localization/Editor/en/Editor.locres) Hash: (-630476809) String: (Import to {0}...)
Resource: (E:/UnrealEngine4/Epic Games/4.7/Engine/Content/Localization/Editor/en/Editor.locres) Hash: (1271782899) String: (Imports an asset from file to this folder.)
[2015.06.14-07.06.58:869][  0]LogContentStreaming: Texture pool size is 0.000000MB
[2015.06.14-07.07.01:513][  0]LogTargetPlatformManager:Display: Building Assets For Windows
[2015.06.14-07.07.02:053][  0]LogTargetPlatformManager:Display: Building Assets For Windows
[2015.06.14-07.07.02:124][  0]LogDerivedDataCache:Display: Max Cache Size: 512 MB
[2015.06.14-07.07.02:174][  0]LogDerivedDataCache: Loaded boot cache 0.05s 53MB C:/Users/Administrator/AppData/Local/UnrealEngine/4.7/DerivedDataCache/Boot.ddc.
[2015.06.14-07.07.02:174][  0]LogDerivedDataCache:Display: Loaded Boot cache: C:/Users/Administrator/AppData/Local/UnrealEngine/4.7/DerivedDataCache/Boot.ddc
[2015.06.14-07.07.02:174][  0]LogDerivedDataCache: FDerivedDataBackendGraph:  Pak pak cache file D:/Documents/Unreal Projects/ScrewMan/DerivedDataCache/DDC.ddp not found, will not use a pak cache.
[2015.06.14-07.07.02:174][  0]LogDerivedDataCache: Unable to find inner node Pak for hierarchical cache Hierarchy.
[2015.06.14-07.07.02:317][  0]LogDerivedDataCache:Display: Pak cache opened for reading ../../../Engine/DerivedDataCache/Compressed.ddp.
[2015.06.14-07.07.02:331][  0]LogDerivedDataCache: Using Local data cache path C:/Users/Administrator/AppData/Local/UnrealEngine/Common/DerivedDataCache: Writable
[2015.06.14-07.07.02:675][  0]LogMeshUtilities: No automatic mesh reduction module available
[2015.06.14-07.07.02:675][  0]LogMeshUtilities: No automatic mesh merging module available
[2015.06.14-07.07.03:082][  0]LogInit: WinSock: version 1.1 (2.2), MaxSocks=32767, MaxUdp=65467
[2015.06.14-07.07.03:163][  0]LogSlate:Warning: Failed to load font data from '../../../Engine/Content/Slate/Fonts/Roboto-Italic.ttf'
[2015.06.14-07.07.04:030][  0]UdpMessaging: Initializing bridge on interface 0.0.0.0:0 to multicast group 230.0.0.1:6666.
[2015.06.14-07.07.04:272][  0]SourceControl: Info Source control is disabled
[2015.06.14-07.07.04:272][  0]SourceControl: Info Source control is disabled
[2015.06.14-07.07.04:272][  0]SourceControl: Info Source control is disabled
[2015.06.14-07.07.04:272][  0]LogSourceControl: RunCommandInternalRaw: 'git version'
[2015.06.14-07.07.04:272][  0]LogSourceControl: RunCommandInternalRaw: ExecProcess ReturnCode=2 OutResults=''
[2015.06.14-07.07.04:281][  0]SourceControl: Info Source control is disabled
[2015.06.14-07.07.04:474][  0]LogObj: 24232 objects as part of root set at end of initial load.
[2015.06.14-07.07.04:474][  0]LogUObjectAllocator: 5137176 out of 0 bytes used by permanent object pool.
[2015.06.14-07.07.04:565][  0]LogEngine: Initializing Engine...
[2015.06.14-07.07.06:765][  0]LogInit: XAudio2 using '扬声器/耳机 (IDT High Definition Audio CODEC)' : 2 channels at 48 kHz using 16 bits per sample (channel mask 0x3)
[2015.06.14-07.07.06:817][  0]LogInit: FAudioDevice initialized.
[2015.06.14-07.07.06:858][  0]LogAIModule: Creating AISystem for world NewWorld
[2015.06.14-07.07.06:890][  0]LogDerivedDataCache: Saved boot cache 0.03s 53MB C:/Users/Administrator/AppData/Local/UnrealEngine/4.7/DerivedDataCache/Boot.ddc.
[2015.06.14-07.07.06:893][  0]LogInit: Texture streaming: Enabled
[2015.06.14-07.07.06:996][  0]LogAnalytics: Creating configured Analytics provider AnalyticsET
[2015.06.14-07.07.06:996][  0]LogAnalytics: ET APIKey = Rocket.Release. APIServer = http://et2.epicgames.com/ET2/. AppVersion = 4.7.6-2513093+++depot+UE4-Releases+4.7
[2015.06.14-07.07.06:996][  0]LogAnalytics: ET APIKey = Rocket.Release. DataRouterUploadURL = https://datarouter-public-service-gamedev.ol.epicgames.net/datarouter/api/v1/public/data. AppVersion = 4.7.6-2513093+++depot+UE4-Releases+4.7
[2015.06.14-07.07.06:996][  0]LogAnalytics: SetUserId 8eecf5e34f10441dbbd8b7b6e9cef21d|57796e99f93b416d833f00f663f95934|7919e843-469e-437f-ba37-0772f10cf632
[2015.06.14-07.07.06:996][  0]LogAnalytics: AnalyticsET::StartSession [Rocket.Release]
[2015.06.14-07.07.07:121][  0]LogInit: Transaction tracking system initialized
[2015.06.14-07.07.07:326][  0]BlueprintLog: New page: Editor Load
[2015.06.14-07.07.07:375][  0]LogAssetRegistry: FAssetRegistry took 0.0100 seconds to start up
[2015.06.14-07.07.07:375][  0]LogDirectoryWatcher:Warning: Failed to begin reading directory changes for ../../../Engine/Plugins/Experimental/CharacterAI/Content/. Error: 0
[2015.06.14-07.07.07:971][  0]LogTargetPlatformManager:Display: Building Assets For Windows
[2015.06.14-07.07.08:331][  0]LogTargetPlatformManager:Display: Building Assets For Windows
[2015.06.14-07.07.08:594][  0]LogLinker:Warning: Asset '../../../Engine/Content/Tutorial/Mobile/SettingUpAndroidTutorial.uasset' has been saved with empty engine version. The asset will be loaded but may be incompatible.
[2015.06.14-07.07.08:631][  0]LogSlate:Warning: Failed to load font data from '../../../Engine/Content/Editor/Slate/Fonts/Roboto-Regular.ttf'
[2015.06.14-07.07.08:632][  0]LogSlate:Warning: Failed to load font data from '../../../Engine/Content/Editor/Slate/Fonts/Roboto-Bold.ttf'
[2015.06.14-07.07.08:636][  0]LogConsoleResponse:Display: 
[2015.06.14-07.07.08:884][  0]LogCook:Display: Done creating registry. It took  0.00s.
[2015.06.14-07.07.09:055][  0]SourceControl: Info Source control is disabled
[2015.06.14-07.07.09:055][  0]Cmd: MAP LOAD FILE="D:/Documents/Unreal Projects/ScrewMan/Content/Mapes/MainMap.umap" TEMPLATE=0 SHOWPROGRESS=1 FEATURELEVEL=3
[2015.06.14-07.07.09:056][  0]LightingResults: New page: Lighting Build
[2015.06.14-07.07.09:070][  0]MapCheck: New page: Map Check
[2015.06.14-07.07.09:070][  0]LightingResults: New page: Lighting Build
[2015.06.14-07.07.09:087][  0]LogParticles: Destroying 0 GPU particle simulations for FXSystem 0x0000000004346520
[2015.06.14-07.07.09:229][  0]LogEditorServer: Finished looking for orphan Actors (0.000 secs)
[2015.06.14-07.07.09:229][  0]LogAIModule: Creating AISystem for world MainMap
[2015.06.14-07.07.09:230][  0]Cmd: MAP CHECKDEP
[2015.06.14-07.07.09:230][  0]MapCheck: New page: MainMap - Jun 14, 2015, 11:07:09 PM
[2015.06.14-07.07.09:307][  0]MapCheck: Info Map check complete: 0 Error(s), 0 Warning(s), took 76.606ms to complete.
[2015.06.14-07.07.09:307][  0]LogFileHelpers: Loading map 'MainMap' took 0.251
[2015.06.14-07.07.09:467][  0]LogCollectionManager: Loaded 0 collections in 0.001699 seconds
[2015.06.14-07.07.09:476][  0]LogContentBrowser: Native class hierarchy populated in 0.0090 seconds. Added 1696 classes and 261 folders.
[2015.06.14-07.07.09:510][  0]LogContentBrowser: Native class hierarchy updated for 'SceneOutliner' in 0.0017 seconds. Added 1 classes and 2 folders.
[2015.06.14-07.07.09:545][  0]LogCrashTracker: Crashtracker disabled due to settings.
[2015.06.14-07.07.09:546][  0]LogSlate:Warning: Failed to load font data from 'Veranda'
[2015.06.14-07.07.09:553][  0]LogUObjectGlobals:Warning: Failed to find object 'Class None.'
[2015.06.14-07.07.09:597][  0]LogLoad: Full Startup: 12.91 seconds (BP compile: 0.06 seconds)
[2015.06.14-07.07.09:634][  0]LogContentBrowser:Verbose: The content browser source was changed by the sources view to '/Game/BluePrints'
[2015.06.14-07.07.09:800][  0]LogRenderer:Warning: Reallocating scene render targets to support 784x384 (Frame:2).
[2015.06.14-07.07.10:127][  4]LogAssetRegistry: Asset discovery search completed in 2.7623 seconds
[2015.06.14-07.07.15:535][325]LogPlayLevel: PIE:  No blueprints needed recompiling
[2015.06.14-07.07.15:535][325]PIE: New page: PIE session: MainMap (Jun 14, 2015, 11:07:15 PM)
[2015.06.14-07.07.15:536][325]LogPlayLevel: PIE: StaticDuplicateObject took: (0.000897s)
[2015.06.14-07.07.15:537][325]LogPlayLevel: PIE: World Init took: (0.000553s)
[2015.06.14-07.07.15:537][325]LogPlayLevel: PIE: Created PIE world by copying editor world from /Game/Mapes/MainMap.MainMap to /Game/Mapes/UEDPIE_0_MainMap.MainMap (0.001618s)
[2015.06.14-07.07.15:596][325]LogWorld: Game class is 'LSLGameModel_C'
[2015.06.14-07.07.15:598][325]LogAIModule: Creating AISystem for world MainMap
[2015.06.14-07.07.15:600][325]LogWorld: Bringing World /Game/Mapes/UEDPIE_0_MainMap.MainMap up for play (max tick rate 60) at 2015.06.14-15.07.15
[2015.06.14-07.07.15:601][325]LogWorld: Bringing up level for play took: 0.002201
[2015.06.14-07.07.15:602][325]PIE: Info Play in editor start time for /Game/Mapes/UEDPIE_0_MainMap 0.511
[2015.06.14-07.07.21:736][648]LogParticles: Destroying 0 GPU particle simulations for FXSystem 0x000000000F1299E0
[2015.06.14-07.07.26:732][945]LogEditorViewport: Clicking Background
[2015.06.14-07.07.31:103][207]LogContentBrowser:Verbose: The content browser source was changed by the sources view to '/Game/Data'
[2015.06.14-07.07.36:375][519]LogEditorViewport: Clicking Background
[2015.06.14-07.07.58:416][837]LogEditorViewport: Clicking on Actor (LMB): PaperSpriteActor (Sky)
[2015.06.14-07.08.19:446][ 72]LogContentBrowser:Verbose: The content browser source was changed by the sources view to '/Game/BluePrints'
[2015.06.14-07.08.25:088][327]LogRenderer:Warning: Reallocating scene render targets to support 808x600 (Frame:4192).
[2015.06.14-07.10.09:103][478]LogEditorActor: Deleted Actor: ScrewMan_C
[2015.06.14-07.10.09:104][478]LogEditorActor: Deleted Actor: ScrewMan_C
[2015.06.14-07.10.09:176][478]LogParticles: Destroying 0 GPU particle simulations for FXSystem 0x000000000FC920C0
[2015.06.14-07.10.09:181][478]LogEditorActor: Deleted 2 Actors (0.079 secs)
[2015.06.14-07.11.01:039][426]Cmd: OBJ SAVEPACKAGE PACKAGE="/Game/Mapes/MainMap" FILE="D:/Documents/Unreal Projects/ScrewMan/Content/Mapes/MainMap.umap" SILENT=true AUTOSAVING=false KEEPDIRTY=false
[2015.06.14-07.11.01:108][426]LogSavePackage: Save=14.196657ms
[2015.06.14-07.11.01:108][426]LogSavePackage: Moving 'D:/Documents/Unreal Projects/ScrewMan/Saved/MainMapE3E70D6A4D9CBC04ADAC869166AC8002.tmp' to 'D:/Documents/Unreal Projects/ScrewMan/Content/Mapes/MainMap.umap'
[2015.06.14-07.11.03:456][566]LogEditorViewport: Clicking on Actor (LMB): CameraActor (CameraActor)
[2015.06.14-07.11.25:226][687]LogEditorActor: Deleted Actor: ScrewMan_C
[2015.06.14-07.11.25:268][687]LogEditorActor: Deleted 1 Actors (0.043 secs)
[2015.06.14-07.12.04:488][  8]Cmd: OBJ SAVEPACKAGE PACKAGE="/Game/Mapes/MainMap" FILE="D:/Documents/Unreal Projects/ScrewMan/Content/Mapes/MainMap.umap" SILENT=true AUTOSAVING=false KEEPDIRTY=false
[2015.06.14-07.12.04:556][  8]LogSavePackage: Save=15.889599ms
[2015.06.14-07.12.04:556][  8]LogSavePackage: Moving 'D:/Documents/Unreal Projects/ScrewMan/Saved/MainMapB0F03B694A7414FBAC4A84BCE22DE31F.tmp' to 'D:/Documents/Unreal Projects/ScrewMan/Content/Mapes/MainMap.umap'
[2015.06.14-07.12.32:073][890]BlueprintLog: New page: Compile ScrewMan
[2015.06.14-07.12.32:203][890]BlueprintEditorCompileResults: Info [0335.50] Compile of ScrewMan successful! [in 129 ms]
[2015.06.14-07.12.34:025][940]Cmd: OBJ SAVEPACKAGE PACKAGE="/Game/BluePrints/ScrewMan" FILE="D:/Documents/Unreal Projects/ScrewMan/Content/BluePrints/ScrewMan.uasset" SILENT=true
[2015.06.14-07.12.34:060][940]LogSavePackage: Save=15.808729ms
[2015.06.14-07.12.34:060][940]LogSavePackage: Moving 'D:/Documents/Unreal Projects/ScrewMan/Saved/ScrewManDC65FD314FCCF15BF1584B8AFCCEC014.tmp' to 'D:/Documents/Unreal Projects/ScrewMan/Content/BluePrints/ScrewMan.uasset'
[2015.06.14-07.13.04:005][690]Cmd: OBJ SAVEPACKAGE PACKAGE="/Game/Mapes/MainMap" FILE="D:/Documents/Unreal Projects/ScrewMan/Content/Mapes/MainMap.umap" SILENT=true AUTOSAVING=false KEEPDIRTY=false
[2015.06.14-07.13.04:073][690]LogSavePackage: Save=15.756184ms
[2015.06.14-07.13.04:073][690]LogSavePackage: Moving 'D:/Documents/Unreal Projects/ScrewMan/Saved/MainMapA3064DDC41B54164F3C18C87D459965F.tmp' to 'D:/Documents/Unreal Projects/ScrewMan/Content/Mapes/MainMap.umap'
[2015.06.14-07.13.16:456][246]LogEditorViewport: Clicking on Actor (LMB): PaperSpriteActor (Sky)
[2015.06.14-07.13.25:968][740]LogEditorViewport: Clicking on Actor (LMB): PaperSpriteActor (Sky2)
[2015.06.14-07.13.49:202][ 99]LogEditorViewport: Clicking on Actor (LMB): ScrewMan_C (ScrewMan)
[2015.06.14-07.13.49:288][100]LogEditorViewport: Clicking on Component (LMB): PaperFlipbookComponent (PaperFlipbook)
[2015.06.14-07.13.49:988][138]LogEditorViewport: Clicking on Component (LMB): PaperFlipbookComponent (PaperFlipbook)
[2015.06.14-07.13.50:086][142]LogEditorViewport: Clicking on Actor (double click): ScrewMan_C (ScrewMan)
[2015.06.14-07.13.57:533][547]LogEditorViewport: Clicking Background
[2015.06.14-07.14.12:126][344]Cmd: OBJ SAVEPACKAGE PACKAGE="/Game/Mapes/MainMap" FILE="D:/Documents/Unreal Projects/ScrewMan/Content/Mapes/MainMap.umap" SILENT=true AUTOSAVING=false KEEPDIRTY=false
[2015.06.14-07.14.12:181][344]LogParticles: Destroying 0 GPU particle simulations for FXSystem 0x00000000161BE340
[2015.06.14-07.14.12:198][344]LogSavePackage: Save=17.245512ms
[2015.06.14-07.14.12:198][344]LogSavePackage: Moving 'D:/Documents/Unreal Projects/ScrewMan/Saved/MainMap8798ABBE41DF10678F6CC2A6FB9C7D41.tmp' to 'D:/Documents/Unreal Projects/ScrewMan/Content/Mapes/MainMap.umap'
[2015.06.14-07.14.22:619][948]Cmd: OBJ SAVEPACKAGE PACKAGE="/Game/BluePrints/ScrewMan" FILE="D:/Documents/Unreal Projects/ScrewMan/Content/BluePrints/ScrewMan.uasset" SILENT=true
[2015.06.14-07.14.22:652][948]LogSavePackage: Save=16.293131ms
[2015.06.14-07.14.22:652][948]LogSavePackage: Moving 'D:/Documents/Unreal Projects/ScrewMan/Saved/ScrewManBBB345EF41C84F3432D22DB98E2E0BFA.tmp' to 'D:/Documents/Unreal Projects/ScrewMan/Content/BluePrints/ScrewMan.uasset'
[2015.06.14-07.15.20:562][ 92]Cmd: OBJ SAVEPACKAGE PACKAGE="/Game/BluePrints/ScrewMan" FILE="D:/Documents/Unreal Projects/ScrewMan/Content/BluePrints/ScrewMan.uasset" SILENT=true
[2015.06.14-07.15.20:591][ 92]LogSavePackage: Save=16.144936ms
[2015.06.14-07.15.20:591][ 92]LogSavePackage: Moving 'D:/Documents/Unreal Projects/ScrewMan/Saved/ScrewManC8F89C404908772471C9139960703D66.tmp' to 'D:/Documents/Unreal Projects/ScrewMan/Content/BluePrints/ScrewMan.uasset'
[2015.06.14-07.15.21:226][130]BlueprintLog: New page: Compile ScrewMan
[2015.06.14-07.15.21:315][130]BlueprintEditorCompileResults: Info [0504.60] Compile of ScrewMan successful! [in 88 ms]
[2015.06.14-07.15.40:876][288]LogEditorActor: Deleted Actor: ScrewMan_C
[2015.06.14-07.15.40:920][288]LogEditorActor: Deleted 1 Actors (0.045 secs)
[2015.06.14-07.16.04:015][669]BlueprintLog: New page: Compile ScrewMan
[2015.06.14-07.16.04:124][669]BlueprintEditorCompileResults: Info [0547.41] Compile of ScrewMan successful! [in 109 ms]
[2015.06.14-07.17.08:957][117]Cmd: OBJ SAVEPACKAGE PACKAGE="/Game/Mapes/MainMap" FILE="D:/Documents/Unreal Projects/ScrewMan/Content/Mapes/MainMap.umap" SILENT=true AUTOSAVING=false KEEPDIRTY=false
[2015.06.14-07.17.09:038][117]LogSavePackage: Save=24.753735ms
[2015.06.14-07.17.09:038][117]LogSavePackage: Moving 'D:/Documents/Unreal Projects/ScrewMan/Saved/MainMapDCAA219C45EE1A5395F3D0A9D3C7A419.tmp' to 'D:/Documents/Unreal Projects/ScrewMan/Content/Mapes/MainMap.umap'
[2015.06.14-07.17.10:959][229]BlueprintLog: New page: Compile ScrewMan
[2015.06.14-07.17.11:046][229]BlueprintEditorCompileResults: Info [0614.33] Compile of ScrewMan successful! [in 86 ms]
[2015.06.14-07.17.11:533][252]Cmd: OBJ SAVEPACKAGE PACKAGE="/Game/BluePrints/ScrewMan" FILE="D:/Documents/Unreal Projects/ScrewMan/Content/BluePrints/ScrewMan.uasset" SILENT=true
[2015.06.14-07.17.11:565][252]LogSavePackage: Save=16.132210ms
[2015.06.14-07.17.11:565][252]LogSavePackage: Moving 'D:/Documents/Unreal Projects/ScrewMan/Saved/ScrewMan56CD0D3849BFEC641415DC86B31936EB.tmp' to 'D:/Documents/Unreal Projects/ScrewMan/Content/BluePrints/ScrewMan.uasset'
[2015.06.14-07.17.13:479][363]LogEditorViewport: Clicking on Actor (LMB): PaperSpriteActor (Sky)
[2015.06.14-07.19.15:835][492]BlueprintLog: New page: Compile ScrewMan
[2015.06.14-07.19.15:958][492]BlueprintEditorCompileResults: Info [0739.23] Compile of ScrewMan successful! [in 122 ms]
[2015.06.14-07.19.18:686][629]LogEditorViewport: Clicking on Actor (LMB): ScrewMan_C (ScrewMan)
[2015.06.14-07.19.19:032][648]LogEditorViewport: Clicking on Component (LMB): PaperFlipbookComponent (PaperFlipbook)
[2015.06.14-07.19.19:312][662]LogEditorViewport: Clicking on Component (LMB): PaperFlipbookComponent (PaperFlipbook)
[2015.06.14-07.19.19:598][677]LogEditorViewport: Clicking on Actor (double click): ScrewMan_C (ScrewMan)
[2015.06.14-07.19.20:138][708]LogEditorViewport: Clicking on Actor (LMB): ScrewMan_C (ScrewMan)
[2015.06.14-07.19.21:025][760]LogEditorViewport: Clicking on Actor (LMB): ScrewMan_C (ScrewMan)
[2015.06.14-07.19.24:172][941]Cmd: OBJ SAVEPACKAGE PACKAGE="/Game/Mapes/MainMap" FILE="D:/Documents/Unreal Projects/ScrewMan/Content/Mapes/MainMap.umap" SILENT=true AUTOSAVING=false KEEPDIRTY=false
[2015.06.14-07.19.24:240][941]LogSavePackage: Save=15.823096ms
[2015.06.14-07.19.24:240][941]LogSavePackage: Moving 'D:/Documents/Unreal Projects/ScrewMan/Saved/MainMap8CB9C41D49D3BAFB5143D3A2C3103289.tmp' to 'D:/Documents/Unreal Projects/ScrewMan/Content/Mapes/MainMap.umap'
[2015.06.14-07.19.29:277][136]Cmd: OBJ SAVEPACKAGE PACKAGE="/Game/BluePrints/ScrewMan" FILE="D:/Documents/Unreal Projects/ScrewMan/Content/BluePrints/ScrewMan.uasset" SILENT=true
[2015.06.14-07.19.29:316][136]LogSavePackage: Save=18.334185ms
[2015.06.14-07.19.29:316][136]LogSavePackage: Moving 'D:/Documents/Unreal Projects/ScrewMan/Saved/ScrewMan769799D44721776ADB79E99CE474AF1E.tmp' to 'D:/Documents/Unreal Projects/ScrewMan/Content/BluePrints/ScrewMan.uasset'
[2015.06.14-07.21.14:893][ 17]Cmd: OBJ SAVEPACKAGE PACKAGE="/Game/Mapes/MainMap" FILE="D:/Documents/Unreal Projects/ScrewMan/Content/Mapes/MainMap.umap" SILENT=true AUTOSAVING=false KEEPDIRTY=false
[2015.06.14-07.21.14:932][ 17]LogParticles: Destroying 0 GPU particle simulations for FXSystem 0x00000000161428E0
[2015.06.14-07.21.14:962][ 17]LogSavePackage: Save=16.328844ms
[2015.06.14-07.21.14:962][ 17]LogSavePackage: Moving 'D:/Documents/Unreal Projects/ScrewMan/Saved/MainMap04A227A24A1A91FD65ED96A11E85A46C.tmp' to 'D:/Documents/Unreal Projects/ScrewMan/Content/Mapes/MainMap.umap'
[2015.06.14-07.21.23:180][503]LogEditorViewport: Clicking on Actor (LMB): PaperSpriteActor (Sky)
[2015.06.14-07.21.47:670][955]LogEditorViewport: Clicking on Actor (LMB): PaperSpriteActor (Ground2)
[2015.06.14-07.22.20:073][819]LogEditorViewport: Clicking Background
[2015.06.14-07.22.24:465][ 82]LogEditorViewport: Clicking on Actor (LMB): ScrewMan_C (ScrewMan)
[2015.06.14-07.23.05:004][481]LogEditorViewport: Clicking Background
[2015.06.14-07.23.16:866][187]LogEditorViewport: Clicking on Actor (LMB): ScrewMan_C (ScrewMan)
[2015.06.14-07.24.04:672][887]LogEditorViewport: Clicking on Actor (LMB): PaperSpriteActor (Sky)
[2015.06.14-07.24.06:862][950]LogEditorViewport: Clicking on Actor (LMB): PaperSpriteActor (Sky)
[2015.06.14-07.24.08:939][ 12]LogEditorViewport: Clicking on Actor (LMB): PaperSpriteActor (Ground)
[2015.06.14-07.24.11:345][ 87]LogEditorViewport: Clicking on Actor (LMB): PaperSpriteActor (Sky)
[2015.06.14-07.24.12:271][113]LogEditorViewport: Clicking on Actor (LMB): PaperSpriteActor (Ground)
[2015.06.14-07.24.14:829][190]LogEditorViewport: Clicking on Actor (LMB): PaperSpriteActor (Ground)
[2015.06.14-07.24.18:722][307]LogEditorViewport: Clicking on Actor (LMB): PaperSpriteActor (Sky2)
[2015.06.14-07.24.22:071][421]LogEditorViewport: Clicking on Actor (LMB): PaperSpriteActor (Sky)
[2015.06.14-07.24.35:143][830]LogEditorViewport: Clicking on Actor (LMB): ScrewMan_C (ScrewMan)
[2015.06.14-07.25.30:818][657]LogEditorViewport: Clicking on Actor (LMB): ScrewMan_C (ScrewMan)
[2015.06.14-07.26.29:845][315]LogPlayLevel: PIE:  No blueprints needed recompiling
[2015.06.14-07.26.29:845][315]PIE: New page: PIE session: MainMap (Jun 14, 2015, 11:26:29 PM)
[2015.06.14-07.26.29:847][315]LogPlayLevel: PIE: StaticDuplicateObject took: (0.001041s)
[2015.06.14-07.26.29:848][315]LogPlayLevel: PIE: World Init took: (0.001059s)
[2015.06.14-07.26.29:848][315]LogPlayLevel: PIE: Created PIE world by copying editor world from /Game/Mapes/MainMap.MainMap to /Game/Mapes/UEDPIE_0_MainMap.MainMap (0.002346s)
[2015.06.14-07.26.29:885][315]LogWorld: Game class is 'LSLGameModel_C'
[2015.06.14-07.26.29:887][315]LogAIModule: Creating AISystem for world MainMap
[2015.06.14-07.26.29:889][315]LogWorld: Bringing World /Game/Mapes/UEDPIE_0_MainMap.MainMap up for play (max tick rate 60) at 2015.06.14-15.26.29
[2015.06.14-07.26.29:889][315]LogWorld: Bringing up level for play took: 0.002102
[2015.06.14-07.26.29:891][315]PIE: Info Play in editor start time for /Game/Mapes/UEDPIE_0_MainMap 0.741
[2015.06.14-07.26.55:508][687]LogParticles: Destroying 0 GPU particle simulations for FXSystem 0x0000000015F47380
[2015.06.14-07.27.32:549][766]LogEditorViewport: Clicking Background
[2015.06.14-07.27.35:263][923]LogPlayLevel: PIE:  No blueprints needed recompiling
[2015.06.14-07.27.35:263][923]PIE: New page: PIE session: MainMap (Jun 14, 2015, 11:27:35 PM)
[2015.06.14-07.27.35:266][923]LogPlayLevel: PIE: StaticDuplicateObject took: (0.001560s)
[2015.06.14-07.27.35:268][923]LogPlayLevel: PIE: World Init took: (0.002073s)
[2015.06.14-07.27.35:268][923]LogPlayLevel: PIE: Created PIE world by copying editor world from /Game/Mapes/MainMap.MainMap to /Game/Mapes/UEDPIE_0_MainMap.MainMap (0.003966s)
[2015.06.14-07.27.35:308][923]LogWorld: Game class is 'LSLGameModel_C'
[2015.06.14-07.27.35:310][923]LogAIModule: Creating AISystem for world MainMap
[2015.06.14-07.27.35:312][923]LogWorld: Bringing World /Game/Mapes/UEDPIE_0_MainMap.MainMap up for play (max tick rate 60) at 2015.06.14-15.27.35
[2015.06.14-07.27.35:312][923]LogWorld: Bringing up level for play took: 0.002085
[2015.06.14-07.27.35:314][923]PIE: Info Play in editor start time for /Game/Mapes/UEDPIE_0_MainMap 0.16
[2015.06.14-07.27.49:735][606]LogParticles: Destroying 0 GPU particle simulations for FXSystem 0x0000000025165A80
[2015.06.14-07.31.23:249][445]LogContentBrowser:Verbose: The content browser source was changed by the sources view to '/Game/Data'
[2015.06.14-07.31.31:976][734]LogContentBrowser:Verbose: The content browser source was changed by the sources view to '/Game/Data'
[2015.06.14-07.32.08:481][701]Cmd: OBJ SAVEPACKAGE PACKAGE="/Game/Data/OneJumpCurveBase" FILE="D:/Documents/Unreal Projects/ScrewMan/Content/Data/OneJumpCurveBase.uasset" SILENT=true
[2015.06.14-07.32.08:495][701]LogSavePackage: Save=11.146570ms
[2015.06.14-07.32.08:495][701]LogSavePackage: Moving 'D:/Documents/Unreal Projects/ScrewMan/Saved/OneJumpCurveBase2C66A15749345DB77690B2A09EAB62D0.tmp' to 'D:/Documents/Unreal Projects/ScrewMan/Content/Data/OneJumpCurveBase.uasset'
[2015.06.14-07.34.14:556][165]Cmd: OBJ SAVEPACKAGE PACKAGE="/Game/Data/OneJumpCurveBase" FILE="D:/Documents/Unreal Projects/ScrewMan/Content/Data/OneJumpCurveBase.uasset" SILENT=true
[2015.06.14-07.34.14:573][165]LogSavePackage: Save=1.968394ms
[2015.06.14-07.34.14:573][165]LogSavePackage: Moving 'D:/Documents/Unreal Projects/ScrewMan/Saved/OneJumpCurveBaseEC132C774D1F977245B99382A7AC19BC.tmp' to 'D:/Documents/Unreal Projects/ScrewMan/Content/Data/OneJumpCurveBase.uasset'
[2015.06.14-07.36.05:865][596]Cmd: TRANSACTION UNDO
[2015.06.14-07.36.05:865][596]LogEditorTransaction: Undo Mouse Drag
[2015.06.14-07.36.06:362][617]Cmd: TRANSACTION UNDO
[2015.06.14-07.36.06:363][617]LogEditorTransaction: Undo Mouse Drag
[2015.06.14-07.36.22:008][554]LogEditorTransaction: Undo Mouse Drag
[2015.06.14-07.36.22:857][595]LogEditorTransaction: Undo Mouse Drag
[2015.06.14-07.37.07:454][295]Cmd: OBJ SAVEPACKAGE PACKAGE="/Game/Data/OneJumpCurveBase" FILE="D:/Documents/Unreal Projects/ScrewMan/Content/Data/OneJumpCurveBase.uasset" SILENT=true
[2015.06.14-07.37.07:469][295]LogSavePackage: Save=2.129314ms
[2015.06.14-07.37.07:469][295]LogSavePackage: Moving 'D:/Documents/Unreal Projects/ScrewMan/Saved/OneJumpCurveBaseAB5F54FD4C10C3E48DEC9789E512C52D.tmp' to 'D:/Documents/Unreal Projects/ScrewMan/Content/Data/OneJumpCurveBase.uasset'
[2015.06.14-07.37.11:065][508]Cmd: OBJ SAVEPACKAGE PACKAGE="/Game/Mapes/MainMap" FILE="D:/Documents/Unreal Projects/ScrewMan/Content/Mapes/MainMap.umap" SILENT=true AUTOSAVING=false KEEPDIRTY=false
[2015.06.14-07.37.11:135][508]LogSavePackage: Save=16.202408ms
[2015.06.14-07.37.11:135][508]LogSavePackage: Moving 'D:/Documents/Unreal Projects/ScrewMan/Saved/MainMapCA1452074412F121D3AFFEA414E5A022.tmp' to 'D:/Documents/Unreal Projects/ScrewMan/Content/Mapes/MainMap.umap'
[2015.06.14-07.38.13:154][543]LogContentBrowser:Verbose: The content browser source was changed by the sources view to '/Game/BluePrints'
[2015.06.14-07.39.06:618][747]BlueprintLog: New page: Compile ScrewMan
[2015.06.14-07.39.06:705][747]BlueprintEditorCompileResults: Info [1929.92] Compile of ScrewMan successful! [in 87 ms]
[2015.06.14-07.39.46:174][403]BlueprintLog: New page: Compile ScrewMan
[2015.06.14-07.39.46:260][403]BlueprintEditorCompileResults: Info [1969.47] Compile of ScrewMan successful! [in 86 ms]
[2015.06.14-07.41.33:013][283]BlueprintLog: New page: Compile ScrewMan
[2015.06.14-07.41.33:100][283]BlueprintEditorCompileResults: Info [2076.31] Compile of ScrewMan successful! [in 86 ms]
[2015.06.14-07.42.52:766][396]BlueprintLog: New page: Compile ScrewMan
[2015.06.14-07.42.52:863][396]BlueprintEditorCompileResults: Info [2156.07] Compile of ScrewMan successful! [in 97 ms]
[2015.06.14-07.43.39:854][745]Cmd: OBJ SAVEPACKAGE PACKAGE="/Game/BluePrints/ScrewMan" FILE="D:/Documents/Unreal Projects/ScrewMan/Content/BluePrints/ScrewMan.uasset" SILENT=true
[2015.06.14-07.43.39:896][745]LogSavePackage: Save=26.501686ms
[2015.06.14-07.43.39:896][745]LogSavePackage: Moving 'D:/Documents/Unreal Projects/ScrewMan/Saved/ScrewMan56BDDC8A4A0CC595A12C79B6E14C4DE4.tmp' to 'D:/Documents/Unreal Projects/ScrewMan/Content/BluePrints/ScrewMan.uasset'
[2015.06.14-07.43.44:752][859]Cmd: OBJ SAVEPACKAGE PACKAGE="/Game/Data/NewCurveBase" FILE="D:/Documents/Unreal Projects/ScrewMan/Content/Data/NewCurveBase.uasset" SILENT=true
[2015.06.14-07.43.44:757][859]LogSavePackage: Save=2.106736ms
[2015.06.14-07.43.44:757][859]LogSavePackage: Moving 'D:/Documents/Unreal Projects/ScrewMan/Saved/NewCurveBaseD18B69DC42DE403BAC078D92B950BDF4.tmp' to 'D:/Documents/Unreal Projects/ScrewMan/Content/Data/NewCurveBase.uasset'
[2015.06.14-07.43.44:864][859]Cmd: OBJ SAVEPACKAGE PACKAGE="/Game/Mapes/MainMap" FILE="D:/Documents/Unreal Projects/ScrewMan/Content/Mapes/MainMap.umap" SILENT=true AUTOSAVING=false KEEPDIRTY=false
[2015.06.14-07.43.44:985][859]LogSavePackage: Save=59.248455ms
[2015.06.14-07.43.44:985][859]LogSavePackage: Moving 'D:/Documents/Unreal Projects/ScrewMan/Saved/MainMap1B30E75840D2EF34652BA18A43B422BD.tmp' to 'D:/Documents/Unreal Projects/ScrewMan/Content/Mapes/MainMap.umap'
[2015.06.14-07.43.45:006][859]LogFileHelpers: Saving map 'MainMap' took 0.237
[2015.06.14-07.45.57:850][579]BlueprintLog: New page: Compile ScrewMan
[2015.06.14-07.45.57:948][579]BlueprintEditorCompileResults: Info [2341.14] Compile of ScrewMan successful! [in 97 ms]
[2015.06.14-07.48.44:797][535]BlueprintLog: New page: Compile ScrewMan
[2015.06.14-07.48.44:907][535]BlueprintEditorCompileResults: Info [2508.09] Compile of ScrewMan successful! [in 109 ms]
[2015.06.14-07.52.05:140][819]BlueprintLog: New page: Compile ScrewMan
[2015.06.14-07.52.05:257][819]BlueprintEditorCompileResults: Info [2708.43] Compile of ScrewMan successful! [in 116 ms]
[2015.06.14-07.52.34:321][810]BlueprintLog: New page: Compile ScrewMan
[2015.06.14-07.52.34:427][810]BlueprintEditorCompileResults: Info [2737.60] Compile of ScrewMan successful! [in 106 ms]
[2015.06.14-07.55.13:805][816]BlueprintLog: New page: Compile ScrewMan
[2015.06.14-07.55.13:911][816]BlueprintEditorCompileResults: Info [2897.08] Compile of ScrewMan successful! [in 105 ms]
[2015.06.14-07.55.43:070][449]Cmd: OBJ SAVEPACKAGE PACKAGE="/Game/BluePrints/ScrewMan" FILE="D:/Documents/Unreal Projects/ScrewMan/Content/BluePrints/ScrewMan.uasset" SILENT=true
[2015.06.14-07.55.43:130][449]LogSavePackage: Save=44.925770ms
[2015.06.14-07.55.43:130][449]LogSavePackage: Moving 'D:/Documents/Unreal Projects/ScrewMan/Saved/ScrewManD1267CB54123E5EB12AD829AC5F85F0D.tmp' to 'D:/Documents/Unreal Projects/ScrewMan/Content/BluePrints/ScrewMan.uasset'
[2015.06.14-07.57.08:911][733]BlueprintLog: New page: Compile ScrewMan
[2015.06.14-07.57.09:021][733]BlueprintEditorCompileResults: Info [3012.18] Compile of ScrewMan successful! [in 109 ms]
[2015.06.14-07.58.49:015][339]BlueprintLog: New page: Compile ScrewMan
[2015.06.14-07.58.49:127][339]BlueprintEditorCompileResults: Info [3112.28] Compile of ScrewMan successful! [in 111 ms]
[2015.06.14-07.59.43:368][659]BlueprintLog: New page: Compile ScrewMan
[2015.06.14-07.59.43:511][659]BlueprintEditorCompileResults: Info [3166.66] Compile of ScrewMan successful! [in 142 ms]
[2015.06.14-08.00.53:357][411]BlueprintLog: New page: Compile ScrewMan
[2015.06.14-08.00.53:475][411]BlueprintEditorCompileResults: Info [3236.63] Compile of ScrewMan successful! [in 117 ms]
[2015.06.14-08.00.55:336][511]Cmd: OBJ SAVEPACKAGE PACKAGE="/Game/BluePrints/ScrewMan" FILE="D:/Documents/Unreal Projects/ScrewMan/Content/BluePrints/ScrewMan.uasset" SILENT=true
[2015.06.14-08.00.55:411][511]LogSavePackage: Save=59.647472ms
[2015.06.14-08.00.55:411][511]LogSavePackage: Moving 'D:/Documents/Unreal Projects/ScrewMan/Saved/ScrewManAB64E3AE465A972B4CE17B89E9EC504F.tmp' to 'D:/Documents/Unreal Projects/ScrewMan/Content/BluePrints/ScrewMan.uasset'
[2015.06.14-08.03.52:282][290]BlueprintLog: New page: Compile ScrewMan
[2015.06.14-08.03.52:401][290]BlueprintEditorCompileResults: Info [3415.54] Compile of ScrewMan successful! [in 118 ms]
[2015.06.14-08.04.21:249][518]Cmd: OBJ SAVEPACKAGE PACKAGE="/Game/BluePrints/ScrewMan" FILE="D:/Documents/Unreal Projects/ScrewMan/Content/BluePrints/ScrewMan.uasset" SILENT=true
[2015.06.14-08.04.21:337][518]LogSavePackage: Save=74.216049ms
[2015.06.14-08.04.21:337][518]LogSavePackage: Moving 'D:/Documents/Unreal Projects/ScrewMan/Saved/ScrewMan07646C22466A72EA93A89DB2378BF32F.tmp' to 'D:/Documents/Unreal Projects/ScrewMan/Content/BluePrints/ScrewMan.uasset'
[2015.06.14-08.04.32:184][825]LogPlayLevel: PIE:  No blueprints needed recompiling
[2015.06.14-08.04.32:184][825]PIE: New page: PIE session: MainMap (Jun 15, 2015, 12:04:32 AM)
[2015.06.14-08.04.32:185][825]LogPlayLevel: PIE: StaticDuplicateObject took: (0.000934s)
[2015.06.14-08.04.32:186][825]LogPlayLevel: PIE: World Init took: (0.000712s)
[2015.06.14-08.04.32:186][825]LogPlayLevel: PIE: Created PIE world by copying editor world from /Game/Mapes/MainMap.MainMap to /Game/Mapes/UEDPIE_0_MainMap.MainMap (0.001827s)
[2015.06.14-08.04.32:225][825]LogWorld: Game class is 'LSLGameModel_C'
[2015.06.14-08.04.32:226][825]LogAIModule: Creating AISystem for world MainMap
[2015.06.14-08.04.32:228][825]LogWorld: Bringing World /Game/Mapes/UEDPIE_0_MainMap.MainMap up for play (max tick rate 60) at 2015.06.14-16.04.32
[2015.06.14-08.04.32:229][825]LogWorld: Bringing up level for play took: 0.002115
[2015.06.14-08.04.32:230][825]PIE: Info Play in editor start time for /Game/Mapes/UEDPIE_0_MainMap 0.965
[2015.06.14-08.05.05:448][617]LogParticles: Destroying 0 GPU particle simulations for FXSystem 0x00000000379B7060
[2015.06.14-08.08.06:755][610]BlueprintLog: New page: Compile ScrewMan
[2015.06.14-08.08.06:871][610]BlueprintEditorCompileResults: Info [3670.00] Compile of ScrewMan successful! [in 115 ms]
[2015.06.14-08.08.11:055][857]Cmd: OBJ SAVEPACKAGE PACKAGE="/Game/Mapes/MainMap" FILE="D:/Documents/Unreal Projects/ScrewMan/Content/Mapes/MainMap.umap" SILENT=true AUTOSAVING=false KEEPDIRTY=false
[2015.06.14-08.08.11:127][857]LogSavePackage: Save=16.458155ms
[2015.06.14-08.08.11:127][857]LogSavePackage: Moving 'D:/Documents/Unreal Projects/ScrewMan/Saved/MainMap853A7EEF4188BFAF019E3BA12100AE64.tmp' to 'D:/Documents/Unreal Projects/ScrewMan/Content/Mapes/MainMap.umap'
[2015.06.14-08.08.12:585][943]LogPlayLevel: PIE:  No blueprints needed recompiling
[2015.06.14-08.08.12:585][943]PIE: New page: PIE session: MainMap (Jun 15, 2015, 12:08:12 AM)
[2015.06.14-08.08.12:587][943]LogPlayLevel: PIE: StaticDuplicateObject took: (0.000910s)
[2015.06.14-08.08.12:587][943]LogPlayLevel: PIE: World Init took: (0.000589s)
[2015.06.14-08.08.12:587][943]LogPlayLevel: PIE: Created PIE world by copying editor world from /Game/Mapes/MainMap.MainMap to /Game/Mapes/UEDPIE_0_MainMap.MainMap (0.001730s)
[2015.06.14-08.08.12:623][943]LogWorld: Game class is 'LSLGameModel_C'
[2015.06.14-08.08.12:624][943]LogAIModule: Creating AISystem for world MainMap
[2015.06.14-08.08.12:626][943]LogWorld: Bringing World /Game/Mapes/UEDPIE_0_MainMap.MainMap up for play (max tick rate 60) at 2015.06.14-16.08.12
[2015.06.14-08.08.12:627][943]LogWorld: Bringing up level for play took: 0.002130
[2015.06.14-08.08.12:628][943]PIE: Info Play in editor start time for /Game/Mapes/UEDPIE_0_MainMap -0.648
[2015.06.14-08.08.19:010][279]LogParticles: Destroying 0 GPU particle simulations for FXSystem 0x000000001F813920
[2015.06.14-08.08.19:028][280]LogParticles: Destroying 0 GPU particle simulations for FXSystem 0x00000000374D58A0
[2015.06.14-08.08.22:083][459]Cmd: OBJ SAVEPACKAGE PACKAGE="/Game/BluePrints/ScrewMan" FILE="D:/Documents/Unreal Projects/ScrewMan/Content/BluePrints/ScrewMan.uasset" SILENT=true
[2015.06.14-08.08.22:233][459]LogSavePackage: Save=135.487900ms
[2015.06.14-08.08.22:233][459]LogSavePackage: Moving 'D:/Documents/Unreal Projects/ScrewMan/Saved/ScrewManB6CBDFE740DB8AE98041B294E1894554.tmp' to 'D:/Documents/Unreal Projects/ScrewMan/Content/BluePrints/ScrewMan.uasset'
[2015.06.14-08.12.26:888][529]BlueprintLog: New page: Compile ScrewMan
[2015.06.14-08.12.27:008][529]BlueprintEditorCompileResults: Info [3930.12] Compile of ScrewMan successful! [in 120 ms]
[2015.06.14-08.12.29:161][655]Cmd: OBJ SAVEPACKAGE PACKAGE="/Game/Mapes/MainMap" FILE="D:/Documents/Unreal Projects/ScrewMan/Content/Mapes/MainMap.umap" SILENT=true AUTOSAVING=false KEEPDIRTY=false
[2015.06.14-08.12.29:240][655]LogSavePackage: Save=16.634674ms
[2015.06.14-08.12.29:240][655]LogSavePackage: Moving 'D:/Documents/Unreal Projects/ScrewMan/Saved/MainMap1CF56FDB48B6A59376F8329D2A22488C.tmp' to 'D:/Documents/Unreal Projects/ScrewMan/Content/Mapes/MainMap.umap'
[2015.06.14-08.12.51:136][163]BlueprintLog: New page: Compile ScrewMan
[2015.06.14-08.12.51:254][163]BlueprintEditorCompileResults: Info [3954.37] Compile of ScrewMan successful! [in 117 ms]
[2015.06.14-08.13.27:686][340]BlueprintLog: New page: Compile ScrewMan
[2015.06.14-08.13.27:800][340]BlueprintEditorCompileResults: Info [3990.91] Compile of ScrewMan successful! [in 113 ms]
[2015.06.14-08.13.28:982][407]Cmd: OBJ SAVEPACKAGE PACKAGE="/Game/BluePrints/ScrewMan" FILE="D:/Documents/Unreal Projects/ScrewMan/Content/BluePrints/ScrewMan.uasset" SILENT=true
[2015.06.14-08.13.29:086][407]LogSavePackage: Save=77.404068ms
[2015.06.14-08.13.29:086][407]LogSavePackage: Moving 'D:/Documents/Unreal Projects/ScrewMan/Saved/ScrewMan66A627E64AC15C34993AE49AE4E06F2E.tmp' to 'D:/Documents/Unreal Projects/ScrewMan/Content/BluePrints/ScrewMan.uasset'
[2015.06.14-08.13.31:663][561]LogPlayLevel: PIE:  No blueprints needed recompiling
[2015.06.14-08.13.31:663][561]PIE: New page: PIE session: MainMap (Jun 15, 2015, 12:13:31 AM)
[2015.06.14-08.13.31:664][561]LogPlayLevel: PIE: StaticDuplicateObject took: (0.000910s)
[2015.06.14-08.13.31:665][561]LogPlayLevel: PIE: World Init took: (0.000674s)
[2015.06.14-08.13.31:665][561]LogPlayLevel: PIE: Created PIE world by copying editor world from /Game/Mapes/MainMap.MainMap to /Game/Mapes/UEDPIE_0_MainMap.MainMap (0.001747s)
[2015.06.14-08.13.31:698][561]LogWorld: Game class is 'LSLGameModel_C'
[2015.06.14-08.13.31:699][561]LogAIModule: Creating AISystem for world MainMap
[2015.06.14-08.13.31:701][561]LogWorld: Bringing World /Game/Mapes/UEDPIE_0_MainMap.MainMap up for play (max tick rate 60) at 2015.06.14-16.13.31
[2015.06.14-08.13.31:702][561]LogWorld: Bringing up level for play took: 0.002142
[2015.06.14-08.13.31:703][561]PIE: Info Play in editor start time for /Game/Mapes/UEDPIE_0_MainMap 0.41
[2015.06.14-08.14.00:486][112]LogParticles: Destroying 0 GPU particle simulations for FXSystem 0x00000000377D28E0
[2015.06.14-08.14.04:015][317]Cmd: OBJ SAVEPACKAGE PACKAGE="/Game/Mapes/MainMap" FILE="D:/Documents/Unreal Projects/ScrewMan/Content/Mapes/MainMap.umap" SILENT=true AUTOSAVING=false KEEPDIRTY=false
[2015.06.14-08.14.04:097][317]LogSavePackage: Save=16.648222ms
[2015.06.14-08.14.04:097][317]LogSavePackage: Moving 'D:/Documents/Unreal Projects/ScrewMan/Saved/MainMap48BEE8CE47A8E16E364E1C869108DFED.tmp' to 'D:/Documents/Unreal Projects/ScrewMan/Content/Mapes/MainMap.umap'
[2015.06.14-08.14.06:797][476]LogEditorViewport: Clicking on Actor (LMB): ScrewMan_C (ScrewMan)
[2015.06.14-08.14.13:353][857]Cmd: OBJ SAVEPACKAGE PACKAGE="/Game/Mapes/MainMap" FILE="D:/Documents/Unreal Projects/ScrewMan/Content/Mapes/MainMap.umap" SILENT=true AUTOSAVING=false KEEPDIRTY=false
[2015.06.14-08.14.13:429][857]LogSavePackage: Save=17.204052ms
[2015.06.14-08.14.13:429][857]LogSavePackage: Moving 'D:/Documents/Unreal Projects/ScrewMan/Saved/MainMapA11670484D5777086302DCB5A3908BD9.tmp' to 'D:/Documents/Unreal Projects/ScrewMan/Content/Mapes/MainMap.umap'
[2015.06.14-08.14.14:693][929]LogPlayLevel: PIE:  No blueprints needed recompiling
[2015.06.14-08.14.14:693][929]PIE: New page: PIE session: MainMap (Jun 15, 2015, 12:14:14 AM)
[2015.06.14-08.14.14:695][929]LogPlayLevel: PIE: StaticDuplicateObject took: (0.000889s)
[2015.06.14-08.14.14:695][929]LogPlayLevel: PIE: World Init took: (0.000585s)
[2015.06.14-08.14.14:695][929]LogPlayLevel: PIE: Created PIE world by copying editor world from /Game/Mapes/MainMap.MainMap to /Game/Mapes/UEDPIE_0_MainMap.MainMap (0.001640s)
[2015.06.14-08.14.14:739][929]LogWorld: Game class is 'LSLGameModel_C'
[2015.06.14-08.14.14:741][929]LogAIModule: Creating AISystem for world MainMap
[2015.06.14-08.14.14:744][929]LogWorld: Bringing World /Game/Mapes/UEDPIE_0_MainMap.MainMap up for play (max tick rate 60) at 2015.06.14-16.14.14
[2015.06.14-08.14.14:745][929]LogWorld: Bringing up level for play took: 0.003143
[2015.06.14-08.14.14:747][929]PIE: Info Play in editor start time for /Game/Mapes/UEDPIE_0_MainMap -0.548
[2015.06.14-08.14.23:245][379]LogParticles: Destroying 0 GPU particle simulations for FXSystem 0x000000002AA936A0
[2015.06.14-08.14.27:676][640]Cmd: OBJ SAVEPACKAGE PACKAGE="/Game/Mapes/MainMap" FILE="D:/Documents/Unreal Projects/ScrewMan/Content/Mapes/MainMap.umap" SILENT=true AUTOSAVING=false KEEPDIRTY=false
[2015.06.14-08.14.27:748][640]LogSavePackage: Save=16.884674ms
[2015.06.14-08.14.27:748][640]LogSavePackage: Moving 'D:/Documents/Unreal Projects/ScrewMan/Saved/MainMap33F20DCE408AF0F5D535D2A5585C9540.tmp' to 'D:/Documents/Unreal Projects/ScrewMan/Content/Mapes/MainMap.umap'
[2015.06.14-08.14.28:548][686]LogPlayLevel: PIE:  No blueprints needed recompiling
[2015.06.14-08.14.28:548][686]PIE: New page: PIE session: MainMap (Jun 15, 2015, 12:14:28 AM)
[2015.06.14-08.14.28:549][686]LogPlayLevel: PIE: StaticDuplicateObject took: (0.000900s)
[2015.06.14-08.14.28:550][686]LogPlayLevel: PIE: World Init took: (0.000560s)
[2015.06.14-08.14.28:550][686]LogPlayLevel: PIE: Created PIE world by copying editor world from /Game/Mapes/MainMap.MainMap to /Game/Mapes/UEDPIE_0_MainMap.MainMap (0.001621s)
[2015.06.14-08.14.28:585][686]LogWorld: Game class is 'LSLGameModel_C'
[2015.06.14-08.14.28:587][686]LogAIModule: Creating AISystem for world MainMap
[2015.06.14-08.14.28:589][686]LogWorld: Bringing World /Game/Mapes/UEDPIE_0_MainMap.MainMap up for play (max tick rate 60) at 2015.06.14-16.14.28
[2015.06.14-08.14.28:589][686]LogWorld: Bringing up level for play took: 0.002044
[2015.06.14-08.14.28:591][686]PIE: Info Play in editor start time for /Game/Mapes/UEDPIE_0_MainMap -0.705
[2015.06.14-08.14.39:715][276]LogParticles: Destroying 0 GPU particle simulations for FXSystem 0x000000000F0BD6C0
[2015.06.14-08.16.12:944][380]LogContentBrowser:Verbose: The content browser source was changed by the sources view to '/Game/Data'
[2015.06.14-08.16.19:904][595]LogContentBrowser:Verbose: The content browser source was changed by the sources view to '/Game/Data'
[2015.06.14-08.17.58:290][200]Cmd: OBJ SAVEPACKAGE PACKAGE="/Game/Data/TwoJumpCurveBase" FILE="D:/Documents/Unreal Projects/ScrewMan/Content/Data/TwoJumpCurveBase.uasset" SILENT=true
[2015.06.14-08.17.58:296][200]LogSavePackage: Save=3.099759ms
[2015.06.14-08.17.58:296][200]LogSavePackage: Moving 'D:/Documents/Unreal Projects/ScrewMan/Saved/TwoJumpCurveBaseFB7BA4094D10F7E8F0319B97F80A1293.tmp' to 'D:/Documents/Unreal Projects/ScrewMan/Content/Data/TwoJumpCurveBase.uasset'
[2015.06.14-08.18.00:367][309]Cmd: OBJ SAVEPACKAGE PACKAGE="/Game/Mapes/MainMap" FILE="D:/Documents/Unreal Projects/ScrewMan/Content/Mapes/MainMap.umap" SILENT=true AUTOSAVING=false KEEPDIRTY=false
[2015.06.14-08.18.00:450][309]LogSavePackage: Save=17.055857ms
[2015.06.14-08.18.00:450][309]LogSavePackage: Moving 'D:/Documents/Unreal Projects/ScrewMan/Saved/MainMap5ABDFB354CD53213E77855B1A39766C8.tmp' to 'D:/Documents/Unreal Projects/ScrewMan/Content/Mapes/MainMap.umap'
[2015.06.14-08.21.50:457][992]Cmd: OBJ SAVEPACKAGE PACKAGE="/Game/Data/TwoJump" FILE="D:/Documents/Unreal Projects/ScrewMan/Content/Data/TwoJump.uasset" SILENT=true
[2015.06.14-08.21.50:461][992]LogSavePackage: Save=1.755340ms
[2015.06.14-08.21.50:461][992]LogSavePackage: Moving 'D:/Documents/Unreal Projects/ScrewMan/Saved/TwoJumpAF931A5E4CE8C48ABBCCDD967F468232.tmp' to 'D:/Documents/Unreal Projects/ScrewMan/Content/Data/TwoJump.uasset'
[2015.06.14-08.21.50:473][992]Cmd: OBJ SAVEPACKAGE PACKAGE="/Game/Data/TwoJumpCurveBase" FILE="D:/Documents/Unreal Projects/ScrewMan/Content/Data/TwoJumpCurveBase.uasset" SILENT=true
[2015.06.14-08.21.50:554][992]LogSavePackage: Save=2.432270ms
[2015.06.14-08.21.50:554][992]LogSavePackage: Moving 'D:/Documents/Unreal Projects/ScrewMan/Saved/TwoJumpCurveBase2B9512574390DC71AF3205BCE33CAE9B.tmp' to 'D:/Documents/Unreal Projects/ScrewMan/Content/Data/TwoJumpCurveBase.uasset'
[2015.06.14-08.25.32:283][513]BlueprintLog: New page: Compile ScrewMan
[2015.06.14-08.25.32:500][513]BlueprintEditorCompileResults: Info [4715.58] Compile of ScrewMan successful! [in 216 ms]
[2015.06.14-08.25.33:068][544]Cmd: OBJ SAVEPACKAGE PACKAGE="/Game/BluePrints/ScrewMan" FILE="D:/Documents/Unreal Projects/ScrewMan/Content/BluePrints/ScrewMan.uasset" SILENT=true
[2015.06.14-08.25.33:171][544]LogSavePackage: Save=86.606873ms
[2015.06.14-08.25.33:171][544]LogSavePackage: Moving 'D:/Documents/Unreal Projects/ScrewMan/Saved/ScrewManAC0F03114B49A745152361948C9AB2C7.tmp' to 'D:/Documents/Unreal Projects/ScrewMan/Content/BluePrints/ScrewMan.uasset'
[2015.06.14-08.30.49:981][654]BlueprintLog: New page: Compile ScrewMan
[2015.06.14-08.30.50:159][654]BlueprintEditorCompileResults: Info [5033.22] Compile of ScrewMan successful! [in 177 ms]
[2015.06.14-08.31.21:443][520]Cmd: OBJ SAVEPACKAGE PACKAGE="/Game/BluePrints/ScrewMan" FILE="D:/Documents/Unreal Projects/ScrewMan/Content/BluePrints/ScrewMan.uasset" SILENT=true
[2015.06.14-08.31.21:543][520]LogSavePackage: Save=84.135193ms
[2015.06.14-08.31.21:543][520]LogSavePackage: Moving 'D:/Documents/Unreal Projects/ScrewMan/Saved/ScrewMan42561DBE44A953A4F8538A967D4A72FB.tmp' to 'D:/Documents/Unreal Projects/ScrewMan/Content/BluePrints/ScrewMan.uasset'
[2015.06.14-08.34.37:575][984]LogBlueprint:Error: [compiler] Error This blueprint (self) is not a CurveFloat, therefore ' Target ' must have a connection.
[2015.06.14-08.34.37:764][984]LogBlueprint:Warning: [compiler] Warning [5260.81] Compile of ScrewMan failed. 1 Fatal Issue(s) 0 Warning(s) [in 224 ms]
[2015.06.14-08.34.37:765][984]LogBlueprint:Warning: [compiler] Warning [5260.81] Compile of ScrewMan failed. 1 Fatal Issue(s) 1 Warning(s) [in 0 ms]
[2015.06.14-08.34.37:765][984]LogBlueprint:Warning: [compiler] Warning [5260.81] Compile of ScrewMan failed. 1 Fatal Issue(s) 2 Warning(s) [in 0 ms]
[2015.06.14-08.34.37:771][984]LogBlueprint:Warning: [compiler] Warning [5260.82] Compile of ScrewMan failed. 1 Fatal Issue(s) 3 Warning(s) [in 5 ms]
[2015.06.14-08.34.37:771][984]LogBlueprint:Warning: [compiler] Warning [5260.82] Compile of ScrewMan failed. 1 Fatal Issue(s) 4 Warning(s) [in 0 ms]
[2015.06.14-08.34.37:771][984]LogBlueprint:Warning: [compiler] Warning [5260.82] Compile of ScrewMan failed. 1 Fatal Issue(s) 5 Warning(s) [in 0 ms]
[2015.06.14-08.34.50:679][750]BlueprintLog: New page: Compile ScrewMan
[2015.06.14-08.34.50:715][750]LogBlueprint:Error: [compiler] Error This blueprint (self) is not a CurveFloat, therefore ' Target ' must have a connection.
[2015.06.14-08.34.50:892][750]LogBlueprint:Warning: [compiler] Warning [5273.94] Compile of ScrewMan failed. 1 Fatal Issue(s) 0 Warning(s) [in 213 ms]
[2015.06.14-08.34.50:893][750]BlueprintEditorCompileResults:Error: Error This blueprint (self) is not a CurveFloat, therefore ' Target ' must have a connection.
[2015.06.14-08.34.50:893][750]BlueprintEditorCompileResults:Warning: Warning [5273.94] Compile of ScrewMan failed. 1 Fatal Issue(s) 0 Warning(s) [in 213 ms]
[2015.06.14-08.36.23:479][345]BlueprintLog: New page: Compile ScrewMan
[2015.06.14-08.36.23:611][345]BlueprintEditorCompileResults: Info [5366.65] Compile of ScrewMan successful! [in 131 ms]
[2015.06.14-08.38.05:890][404]BlueprintLog: New page: Compile ScrewMan
[2015.06.14-08.38.06:030][404]BlueprintEditorCompileResults: Info [5469.07] Compile of ScrewMan successful! [in 139 ms]
[2015.06.14-08.39.34:581][297]BlueprintLog: New page: Compile ScrewMan
[2015.06.14-08.39.34:721][297]BlueprintEditorCompileResults: Info [5557.75] Compile of ScrewMan successful! [in 139 ms]
[2015.06.14-08.39.37:886][483]Cmd: OBJ SAVEPACKAGE PACKAGE="/Game/BluePrints/ScrewMan" FILE="D:/Documents/Unreal Projects/ScrewMan/Content/BluePrints/ScrewMan.uasset" SILENT=true
[2015.06.14-08.39.38:060][483]LogSavePackage: Save=154.664047ms
[2015.06.14-08.39.38:060][483]LogSavePackage: Moving 'D:/Documents/Unreal Projects/ScrewMan/Saved/ScrewManA2E026584A67708F1FBB69A675A12D12.tmp' to 'D:/Documents/Unreal Projects/ScrewMan/Content/BluePrints/ScrewMan.uasset'
[2015.06.14-08.40.29:326][827]BlueprintLog: New page: Compile ScrewMan
[2015.06.14-08.40.29:477][827]BlueprintEditorCompileResults: Info [5612.51] Compile of ScrewMan successful! [in 150 ms]
[2015.06.14-08.40.29:961][849]Cmd: OBJ SAVEPACKAGE PACKAGE="/Game/BluePrints/ScrewMan" FILE="D:/Documents/Unreal Projects/ScrewMan/Content/BluePrints/ScrewMan.uasset" SILENT=true
[2015.06.14-08.40.30:113][849]LogSavePackage: Save=132.639786ms
[2015.06.14-08.40.30:113][849]LogSavePackage: Moving 'D:/Documents/Unreal Projects/ScrewMan/Saved/ScrewMan8F206E5C48FE3F390B8E6BA98426C128.tmp' to 'D:/Documents/Unreal Projects/ScrewMan/Content/BluePrints/ScrewMan.uasset'
[2015.06.14-08.40.31:646][928]Cmd: OBJ SAVEPACKAGE PACKAGE="/Game/Mapes/MainMap" FILE="D:/Documents/Unreal Projects/ScrewMan/Content/Mapes/MainMap.umap" SILENT=true AUTOSAVING=false KEEPDIRTY=false
[2015.06.14-08.40.31:725][928]LogSavePackage: Save=17.590752ms
[2015.06.14-08.40.31:725][928]LogSavePackage: Moving 'D:/Documents/Unreal Projects/ScrewMan/Saved/MainMap8D22D4874FDAAD190FD624A349BC2976.tmp' to 'D:/Documents/Unreal Projects/ScrewMan/Content/Mapes/MainMap.umap'
[2015.06.14-08.40.32:786][984]LogPlayLevel: PIE:  No blueprints needed recompiling
[2015.06.14-08.40.32:786][984]PIE: New page: PIE session: MainMap (Jun 15, 2015, 12:40:32 AM)
[2015.06.14-08.40.32:788][984]LogPlayLevel: PIE: StaticDuplicateObject took: (0.000927s)
[2015.06.14-08.40.32:788][984]LogPlayLevel: PIE: World Init took: (0.000656s)
[2015.06.14-08.40.32:789][984]LogPlayLevel: PIE: Created PIE world by copying editor world from /Game/Mapes/MainMap.MainMap to /Game/Mapes/UEDPIE_0_MainMap.MainMap (0.001765s)
[2015.06.14-08.40.32:822][984]LogWorld: Game class is 'LSLGameModel_C'
[2015.06.14-08.40.32:824][984]LogAIModule: Creating AISystem for world MainMap
[2015.06.14-08.40.32:826][984]LogWorld: Bringing World /Game/Mapes/UEDPIE_0_MainMap.MainMap up for play (max tick rate 60) at 2015.06.14-16.40.32
[2015.06.14-08.40.32:827][984]LogWorld: Bringing up level for play took: 0.002356
[2015.06.14-08.40.32:828][984]PIE: Info Play in editor start time for /Game/Mapes/UEDPIE_0_MainMap -0.546
[2015.06.14-08.40.44:581][537]LogParticles: Destroying 0 GPU particle simulations for FXSystem 0x000000003C82F7E0
[2015.06.14-08.41.13:084][549]LogPlayLevel: PIE:  No blueprints needed recompiling
[2015.06.14-08.41.13:084][549]PIE: New page: PIE session: MainMap (Jun 15, 2015, 12:41:13 AM)
[2015.06.14-08.41.13:086][549]LogPlayLevel: PIE: StaticDuplicateObject took: (0.000941s)
[2015.06.14-08.41.13:086][549]LogPlayLevel: PIE: World Init took: (0.000616s)
[2015.06.14-08.41.13:086][549]LogPlayLevel: PIE: Created PIE world by copying editor world from /Game/Mapes/MainMap.MainMap to /Game/Mapes/UEDPIE_0_MainMap.MainMap (0.001736s)
[2015.06.14-08.41.13:123][549]LogWorld: Game class is 'LSLGameModel_C'
[2015.06.14-08.41.13:124][549]LogAIModule: Creating AISystem for world MainMap
[2015.06.14-08.41.13:127][549]LogWorld: Bringing World /Game/Mapes/UEDPIE_0_MainMap.MainMap up for play (max tick rate 60) at 2015.06.14-16.41.13
[2015.06.14-08.41.13:127][549]LogWorld: Bringing up level for play took: 0.002095
[2015.06.14-08.41.13:128][549]PIE: Info Play in editor start time for /Game/Mapes/UEDPIE_0_MainMap -0.248
[2015.06.14-08.41.34:826][716]LogParticles: Destroying 0 GPU particle simulations for FXSystem 0x0000000038247B00
[2015.06.14-08.44.07:870][286]BlueprintLog: New page: Compile ScrewMan
[2015.06.14-08.44.08:013][286]BlueprintEditorCompileResults: Info [5831.03] Compile of ScrewMan successful! [in 141 ms]
[2015.06.14-08.44.08:792][328]Cmd: OBJ SAVEPACKAGE PACKAGE="/Game/BluePrints/ScrewMan" FILE="D:/Documents/Unreal Projects/ScrewMan/Content/BluePrints/ScrewMan.uasset" SILENT=true
[2015.06.14-08.44.08:914][328]LogSavePackage: Save=96.193504ms
[2015.06.14-08.44.08:914][328]LogSavePackage: Moving 'D:/Documents/Unreal Projects/ScrewMan/Saved/ScrewMan992F0409480811F871F8EA9F5C1124F8.tmp' to 'D:/Documents/Unreal Projects/ScrewMan/Content/BluePrints/ScrewMan.uasset'
[2015.06.14-08.44.46:024][799]Cmd: OBJ SAVEPACKAGE PACKAGE="/Game/BluePrints/ScrewMan" FILE="D:/Documents/Unreal Projects/ScrewMan/Content/BluePrints/ScrewMan.uasset" SILENT=true
[2015.06.14-08.44.46:147][799]LogSavePackage: Save=96.895477ms
[2015.06.14-08.44.46:147][799]LogSavePackage: Moving 'D:/Documents/Unreal Projects/ScrewMan/Saved/ScrewMan859258CC480AE7F19258958F8322648A.tmp' to 'D:/Documents/Unreal Projects/ScrewMan/Content/BluePrints/ScrewMan.uasset'
[2015.06.14-08.44.47:422][861]Cmd: OBJ SAVEPACKAGE PACKAGE="/Game/Mapes/MainMap" FILE="D:/Documents/Unreal Projects/ScrewMan/Content/Mapes/MainMap.umap" SILENT=true AUTOSAVING=false KEEPDIRTY=false
[2015.06.14-08.44.47:503][861]LogSavePackage: Save=16.770142ms
[2015.06.14-08.44.47:503][861]LogSavePackage: Moving 'D:/Documents/Unreal Projects/ScrewMan/Saved/MainMap8126FC4045FC89717D1785AF565E8FD4.tmp' to 'D:/Documents/Unreal Projects/ScrewMan/Content/Mapes/MainMap.umap'
[2015.06.14-08.44.49:505][979]LogPlayLevel: PIE:  No blueprints needed recompiling
[2015.06.14-08.44.49:505][979]PIE: New page: PIE session: MainMap (Jun 15, 2015, 12:44:49 AM)
[2015.06.14-08.44.49:506][979]LogPlayLevel: PIE: StaticDuplicateObject took: (0.000941s)
[2015.06.14-08.44.49:507][979]LogPlayLevel: PIE: World Init took: (0.000658s)
[2015.06.14-08.44.49:507][979]LogPlayLevel: PIE: Created PIE world by copying editor world from /Game/Mapes/MainMap.MainMap to /Game/Mapes/UEDPIE_0_MainMap.MainMap (0.001768s)
[2015.06.14-08.44.49:543][979]LogWorld: Game class is 'LSLGameModel_C'
[2015.06.14-08.44.49:545][979]LogAIModule: Creating AISystem for world MainMap
[2015.06.14-08.44.49:548][979]LogWorld: Bringing World /Game/Mapes/UEDPIE_0_MainMap.MainMap up for play (max tick rate 60) at 2015.06.14-16.44.49
[2015.06.14-08.44.49:548][979]LogWorld: Bringing up level for play took: 0.002372
[2015.06.14-08.44.49:550][979]PIE: Info Play in editor start time for /Game/Mapes/UEDPIE_0_MainMap 0.163
[2015.06.14-08.44.59:479][507]LogParticles: Destroying 0 GPU particle simulations for FXSystem 0x0000000022857B00
[2015.06.14-08.47.15:404][820]LogPlayLevel: PIE:  No blueprints needed recompiling
[2015.06.14-08.47.15:404][820]PIE: New page: PIE session: MainMap (Jun 15, 2015, 12:47:15 AM)
[2015.06.14-08.47.15:408][820]LogPlayLevel: PIE: StaticDuplicateObject took: (0.002285s)
[2015.06.14-08.47.15:410][820]LogPlayLevel: PIE: World Init took: (0.001409s)
[2015.06.14-08.47.15:410][820]LogPlayLevel: PIE: Created PIE world by copying editor world from /Game/Mapes/MainMap.MainMap to /Game/Mapes/UEDPIE_0_MainMap.MainMap (0.004088s)
[2015.06.14-08.47.15:450][820]LogWorld: Game class is 'LSLGameModel_C'
[2015.06.14-08.47.15:451][820]LogAIModule: Creating AISystem for world MainMap
[2015.06.14-08.47.15:453][820]LogWorld: Bringing World /Game/Mapes/UEDPIE_0_MainMap.MainMap up for play (max tick rate 60) at 2015.06.14-16.47.15
[2015.06.14-08.47.15:454][820]LogWorld: Bringing up level for play took: 0.002162
[2015.06.14-08.47.15:455][820]PIE: Info Play in editor start time for /Game/Mapes/UEDPIE_0_MainMap 0.061
[2015.06.14-08.47.29:831][498]LogParticles: Destroying 0 GPU particle simulations for FXSystem 0x000000000F5BAC00
[2015.06.14-08.48.59:625][578]LogPlayLevel: PIE:  No blueprints needed recompiling
[2015.06.14-08.48.59:625][578]PIE: New page: PIE session: MainMap (Jun 15, 2015, 12:48:59 AM)
[2015.06.14-08.48.59:627][578]LogPlayLevel: PIE: StaticDuplicateObject took: (0.001015s)
[2015.06.14-08.48.59:627][578]LogPlayLevel: PIE: World Init took: (0.000705s)
[2015.06.14-08.48.59:627][578]LogPlayLevel: PIE: Created PIE world by copying editor world from /Game/Mapes/MainMap.MainMap to /Game/Mapes/UEDPIE_0_MainMap.MainMap (0.001916s)
[2015.06.14-08.48.59:677][578]LogWorld: Game class is 'LSLGameModel_C'
[2015.06.14-08.48.59:679][578]LogAIModule: Creating AISystem for world MainMap
[2015.06.14-08.48.59:682][578]LogWorld: Bringing World /Game/Mapes/UEDPIE_0_MainMap.MainMap up for play (max tick rate 60) at 2015.06.14-16.48.59
[2015.06.14-08.48.59:683][578]LogWorld: Bringing up level for play took: 0.003439
[2015.06.14-08.48.59:685][578]PIE: Info Play in editor start time for /Game/Mapes/UEDPIE_0_MainMap 0.286
[2015.06.14-08.49.30:829][257]LogParticles: Destroying 0 GPU particle simulations for FXSystem 0x000000003D9E31A0
[2015.06.14-08.51.15:034][378]LogContentBrowser:Verbose: The content browser source was changed by the sources view to '/Game/BluePrints'
[2015.06.14-08.51.16:812][482]LogContentBrowser:Verbose: The content browser source was changed by the sources view to '/Game/Data'
[2015.06.14-08.52.23:044][238]LogPlayLevel: PIE:  No blueprints needed recompiling
[2015.06.14-08.52.23:044][238]PIE: New page: PIE session: MainMap (Jun 15, 2015, 12:52:23 AM)
[2015.06.14-08.52.23:046][238]LogPlayLevel: PIE: StaticDuplicateObject took: (0.001493s)
[2015.06.14-08.52.23:047][238]LogPlayLevel: PIE: World Init took: (0.000710s)
[2015.06.14-08.52.23:047][238]LogPlayLevel: PIE: Created PIE world by copying editor world from /Game/Mapes/MainMap.MainMap to /Game/Mapes/UEDPIE_0_MainMap.MainMap (0.002389s)
[2015.06.14-08.52.23:084][238]LogWorld: Game class is 'LSLGameModel_C'
[2015.06.14-08.52.23:085][238]LogAIModule: Creating AISystem for world MainMap
[2015.06.14-08.52.23:087][238]LogWorld: Bringing World /Game/Mapes/UEDPIE_0_MainMap.MainMap up for play (max tick rate 60) at 2015.06.14-16.52.23
[2015.06.14-08.52.23:088][238]LogWorld: Bringing up level for play took: 0.002395
[2015.06.14-08.52.23:090][238]PIE: Info Play in editor start time for /Game/Mapes/UEDPIE_0_MainMap -0.321
[2015.06.14-08.52.59:922][228]LogParticles: Destroying 0 GPU particle simulations for FXSystem 0x00000000198698A0
[2015.06.14-08.54.57:968][316]Cmd: OBJ SAVEPACKAGE PACKAGE="/Game/Mapes/MainMap" FILE="D:/Documents/Unreal Projects/ScrewMan/Content/Mapes/MainMap.umap" SILENT=true AUTOSAVING=false KEEPDIRTY=false
[2015.06.14-08.54.58:056][316]LogSavePackage: Save=16.801752ms
[2015.06.14-08.54.58:056][316]LogSavePackage: Moving 'D:/Documents/Unreal Projects/ScrewMan/Saved/MainMapAEBB7DE743857AFECDBCDAB25C0D740E.tmp' to 'D:/Documents/Unreal Projects/ScrewMan/Content/Mapes/MainMap.umap'
[2015.06.14-08.55.00:012][402]Cmd: QUIT_EDITOR
[2015.06.14-08.55.00:296][402]LogExit: Preparing to exit.
[2015.06.14-08.55.00:689][402]LogExit: Editor shut down
[2015.06.14-08.55.00:690][402]LogExit: Transaction tracking system shut down
[2015.06.14-08.55.00:691][402]LogParticles: Destroying 0 GPU particle simulations for FXSystem 0x0000000017139BC0
[2015.06.14-08.55.00:691][402]LogParticles: Destroying 0 GPU particle simulations for FXSystem 0x000000000FCBF600
[2015.06.14-08.55.00:692][402]LogParticles: Destroying 0 GPU particle simulations for FXSystem 0x000000000D149080
[2015.06.14-08.55.00:692][402]LogParticles: Destroying 0 GPU particle simulations for FXSystem 0x000000001F8594E0
[2015.06.14-08.55.00:819][402]LogParticles: Destroying 0 GPU particle simulations for FXSystem 0x00000000379B7240
[2015.06.14-08.55.00:819][402]LogExit: Object subsystem successfully closed.
[2015.06.14-08.55.00:886][402]LogModuleManager: Shutting down and abandoning module CurveAssetEditor (178)
[2015.06.14-08.55.00:886][402]LogModuleManager: Shutting down and abandoning module CrashTracker (177)
[2015.06.14-08.55.00:886][402]LogModuleManager: Shutting down and abandoning module SuperSearch (176)
[2015.06.14-08.55.00:886][402]LogModuleManager: Shutting down and abandoning module SceneOutliner (175)
[2015.06.14-08.55.00:886][402]LogModuleManager: Shutting down and abandoning module EditorWidgets (174)
[2015.06.14-08.55.00:886][402]LogModuleManager: Shutting down and abandoning module CollectionManager (173)
[2015.06.14-08.55.00:886][402]LogModuleManager: Shutting down and abandoning module StatsViewer (172)
[2015.06.14-08.55.00:886][402]LogModuleManager: Shutting down and abandoning module FoliageEdit (171)
[2015.06.14-08.55.00:886][402]LogModuleManager: Shutting down and abandoning module LandscapeEditor (170)
[2015.06.14-08.55.00:886][402]LogModuleManager: Shutting down and abandoning module MeshPaint (169)
[2015.06.14-08.55.00:886][402]LogModuleManager: Shutting down and abandoning module ActorPickerMode (168)
[2015.06.14-08.55.00:886][402]LogModuleManager: Shutting down and abandoning module GeometryMode (167)
[2015.06.14-08.55.00:887][402]LogModuleManager: Shutting down and abandoning module TextureAlignMode (166)
[2015.06.14-08.55.00:887][402]LogModuleManager: Shutting down and abandoning module BspMode (165)
[2015.06.14-08.55.00:887][402]LogModuleManager: Shutting down and abandoning module PlacementMode (164)
[2015.06.14-08.55.00:887][402]LogModuleManager: Shutting down and abandoning module AutomationWorker (163)
[2015.06.14-08.55.00:887][402]LogModuleManager: Shutting down and abandoning module CharacterAI (162)
[2015.06.14-08.55.00:887][402]LogModuleManager: Shutting down and abandoning module SmartSnapping (161)
[2015.06.14-08.55.00:887][402]LogModuleManager: Shutting down and abandoning module ViewportSnapping (160)
[2015.06.14-08.55.00:887][402]LogModuleManager: Shutting down and abandoning module LogVisualizer (159)
[2015.06.14-08.55.00:887][402]LogModuleManager: Shutting down and abandoning module GameProjectGeneration (158)
[2015.06.14-08.55.00:887][402]LogModuleManager: Shutting down and abandoning module IntroTutorials (157)
[2015.06.14-08.55.00:887][402]LogModuleManager: Shutting down and abandoning module EditorLiveStreaming (156)
[2015.06.14-08.55.00:887][402]LogModuleManager: Shutting down and abandoning module HardwareTargeting (155)
[2015.06.14-08.55.00:887][402]LogModuleManager: Shutting down and abandoning module DeviceProfileEditor (154)
[2015.06.14-08.55.00:887][402]LogModuleManager: Shutting down and abandoning module UndoHistory (153)
[2015.06.14-08.55.00:887][402]LogModuleManager: Shutting down and abandoning module GameplayTagsEditor (152)
[2015.06.14-08.55.00:887][402]LogModuleManager: Shutting down and abandoning module UserFeedback (151)
[2015.06.14-08.55.00:887][402]LogModuleManager: Shutting down and abandoning module XmlParser (150)
[2015.06.14-08.55.00:887][402]LogModuleManager: Shutting down and abandoning module Blutility (149)
[2015.06.14-08.55.00:887][402]LogModuleManager: Shutting down and abandoning module IOSPlatformEditor (148)
[2015.06.14-08.55.00:887][402]LogModuleManager: Shutting down and abandoning module IOSRuntimeSettings (147)
[2015.06.14-08.55.00:887][402]LogModuleManager: Shutting down and abandoning module AndroidDeviceDetection (146)
[2015.06.14-08.55.01:178][402]LogModuleManager: Shutting down and abandoning module AndroidPlatformEditor (145)
[2015.06.14-08.55.01:178][402]LogModuleManager: Shutting down and abandoning module AndroidRuntimeSettings (144)
[2015.06.14-08.55.01:178][402]LogModuleManager: Shutting down and abandoning module ProjectTargetPlatformEditor (143)
[2015.06.14-08.55.01:178][402]LogModuleManager: Shutting down and abandoning module ProjectSettingsViewer (142)
[2015.06.14-08.55.01:178][402]LogModuleManager: Shutting down and abandoning module InputBindingEditor (141)
[2015.06.14-08.55.01:178][402]LogModuleManager: Shutting down and abandoning module EditorSettingsViewer (140)
[2015.06.14-08.55.01:178][402]LogModuleManager: Shutting down and abandoning module SettingsEditor (139)
[2015.06.14-08.55.01:178][402]LogModuleManager: Shutting down and abandoning module ProjectLauncher (138)
[2015.06.14-08.55.01:178][402]LogModuleManager: Shutting down and abandoning module SessionFrontend (137)
[2015.06.14-08.55.01:178][402]LogModuleManager: Shutting down and abandoning module ProfilerClient (136)
[2015.06.14-08.55.01:178][402]LogModuleManager: Shutting down and abandoning module TargetDeviceServices (135)
[2015.06.14-08.55.01:178][402]LogModuleManager: Shutting down and abandoning module DeviceManager (134)
[2015.06.14-08.55.01:178][402]LogModuleManager: Shutting down and abandoning module AutomationController (133)
[2015.06.14-08.55.01:178][402]LogModuleManager: Shutting down and abandoning module AutomationWindow (132)
[2015.06.14-08.55.01:178][402]LogModuleManager: Shutting down and abandoning module Layers (131)
[2015.06.14-08.55.01:178][402]LogModuleManager: Shutting down and abandoning module ComponentVisualizers (130)
[2015.06.14-08.55.01:178][402]LogModuleManager: Shutting down and abandoning module DetailCustomizations (129)
[2015.06.14-08.55.01:178][402]LogModuleManager: Shutting down and abandoning module PackagesDialog (128)
[2015.06.14-08.55.01:179][402]LogModuleManager: Shutting down and abandoning module AssetRegistry (127)
[2015.06.14-08.55.01:270][402]LogModuleManager: Shutting down and abandoning module Persona (126)
[2015.06.14-08.55.01:271][402]LogModuleManager: Shutting down and abandoning module SlateReflector (125)
[2015.06.14-08.55.01:271][402]LogModuleManager: Shutting down and abandoning module LevelEditor (124)
[2015.06.14-08.55.01:273][402]LogModuleManager: Shutting down and abandoning module Kismet (123)
[2015.06.14-08.55.01:273][402]LogModuleManager: Shutting down and abandoning module GraphEditor (122)
[2015.06.14-08.55.01:273][402]LogModuleManager: Shutting down and abandoning module ClassViewer (121)
[2015.06.14-08.55.01:273][402]LogModuleManager: Shutting down and abandoning module Toolbox (120)
[2015.06.14-08.55.01:273][402]LogModuleManager: Shutting down and abandoning module ModuleUI (119)
[2015.06.14-08.55.01:273][402]LogModuleManager: Shutting down and abandoning module MovieSceneTools (118)
[2015.06.14-08.55.01:273][402]LogModuleManager: Shutting down and abandoning module OutputLog (117)
[2015.06.14-08.55.01:273][402]LogModuleManager: Shutting down and abandoning module GammaUI (116)
[2015.06.14-08.55.01:273][402]LogModuleManager: Shutting down and abandoning module Documentation (115)
[2015.06.14-08.55.01:273][402]LogModuleManager: Shutting down and abandoning module GameLiveStreaming (114)
[2015.06.14-08.55.01:273][402]LogModuleManager: Shutting down and abandoning module StreamingPauseRendering (113)
[2015.06.14-08.55.01:273][402]LogModuleManager: Shutting down and abandoning module HTTP (112)
[2015.06.14-08.55.01:274][402]LogModuleManager: Shutting down and abandoning module AnalyticsET (111)
[2015.06.14-08.55.01:274][402]LogModuleManager: Shutting down and abandoning module Analytics (110)
[2015.06.14-08.55.01:274][402]LogModuleManager: Shutting down and abandoning module AITestSuite (109)
[2015.06.14-08.55.01:274][402]LogModuleManager: Shutting down and abandoning module GameplayDebugger (108)
[2015.06.14-08.55.01:274][402]LogModuleManager: Shutting down and abandoning module AIModule (107)
[2015.06.14-08.55.01:274][402]LogModuleManager: Shutting down and abandoning module ProfilerService (106)
[2015.06.14-08.55.01:344][402]LogModuleManager: Shutting down and abandoning module TaskGraph (105)
[2015.06.14-08.55.01:344][402]LogModuleManager: Shutting down and abandoning module SlateRemote (104)
[2015.06.14-08.55.01:344][402]LogModuleManager: Shutting down and abandoning module ScriptEditorPlugin (103)
[2015.06.14-08.55.01:344][402]LogModuleManager: Shutting down and abandoning module CustomMeshComponent (102)
[2015.06.14-08.55.01:344][402]LogModuleManager: Shutting down and abandoning module CableComponent (101)
[2015.06.14-08.55.01:344][402]LogModuleManager: Shutting down and abandoning module MessagingDebugger (100)
[2015.06.14-08.55.01:344][402]LogModuleManager: Shutting down and abandoning module MediaPlayerEditor (99)
[2015.06.14-08.55.01:344][402]LogModuleManager: Shutting down and abandoning module SpeedTreeImporter (98)
[2015.06.14-08.55.01:344][402]LogModuleManager: Shutting down and abandoning module PluginsEditor (97)
[2015.06.14-08.55.01:344][402]LogModuleManager: Shutting down and abandoning module MainFrame (96)
[2015.06.14-08.55.01:344][402]LogModuleManager: Shutting down and abandoning module EpicSurvey (95)
[2015.06.14-08.55.01:345][402]LogModuleManager: Shutting down and abandoning module DesktopPlatform (94)
[2015.06.14-08.55.01:345][402]LogModuleManager: Shutting down and abandoning module DirectoryWatcher (93)
[2015.06.14-08.55.01:345][402]LogModuleManager: Shutting down and abandoning module HotReload (92)
[2015.06.14-08.55.01:345][402]LogModuleManager: Shutting down and abandoning module VisualStudioSourceCodeAccess (91)
[2015.06.14-08.55.01:345][402]LogModuleManager: Shutting down and abandoning module UObjectPlugin (90)
[2015.06.14-08.55.01:345][402]LogModuleManager: Shutting down and abandoning module SubversionSourceControl (89)
[2015.06.14-08.55.01:345][402]LogModuleManager: Shutting down and abandoning module PerforceSourceControl (88)
[2015.06.14-08.55.01:345][402]LogModuleManager: Shutting down and abandoning module SourceControl (87)
[2015.06.14-08.55.01:345][402]LogModuleManager: Shutting down and abandoning module GitSourceControl (86)
[2015.06.14-08.55.01:345][402]LogModuleManager: Shutting down and abandoning module BlankPlugin (85)
[2015.06.14-08.55.01:345][402]LogModuleManager: Shutting down and abandoning module PaperTiledImporter (84)
[2015.06.14-08.55.01:345][402]LogModuleManager: Shutting down and abandoning module PaperJsonImporter (83)
[2015.06.14-08.55.01:345][402]LogModuleManager: Shutting down and abandoning module ContentBrowser (82)
[2015.06.14-08.55.01:347][402]LogModuleManager: Shutting down and abandoning module Paper2DEditor (81)
[2015.06.14-08.55.01:347][402]LogModuleManager: Shutting down and abandoning module ScriptPlugin (80)
[2015.06.14-08.55.01:347][402]LogModuleManager: Shutting down and abandoning module UdpMessaging (79)
[2015.06.14-08.55.01:447][402]LogModuleManager: Shutting down and abandoning module Paper2D (78)
[2015.06.14-08.55.01:447][402]LogModuleManager: Shutting down and abandoning module WindowsMoviePlayer (77)
[2015.06.14-08.55.01:451][402]LogModuleManager: Shutting down and abandoning module Media (76)
[2015.06.14-08.55.01:451][402]LogModuleManager: Shutting down and abandoning module WmfMedia (75)
[2015.06.14-08.55.01:452][402]LogModuleManager: Shutting down and abandoning module OnlineBlueprintSupport (74)
[2015.06.14-08.55.01:452][402]LogModuleManager: Shutting down and abandoning module PropertyEditor (73)
[2015.06.14-08.55.01:452][402]LogModuleManager: Shutting down and abandoning module BehaviorTreeEditor (72)
[2015.06.14-08.55.01:452][402]LogModuleManager: Shutting down and abandoning module FunctionalTesting (71)
[2015.06.14-08.55.01:452][402]LogModuleManager: Shutting down and abandoning module CollisionAnalyzer (70)
[2015.06.14-08.55.01:452][402]LogModuleManager: Shutting down and abandoning module WorkspaceMenuStructure (69)
[2015.06.14-08.55.01:452][402]LogModuleManager: Shutting down and abandoning module MessageLog (68)
[2015.06.14-08.55.01:452][402]LogModuleManager: Shutting down and abandoning module Sequencer (67)
[2015.06.14-08.55.01:452][402]LogModuleManager: Shutting down and abandoning module AssetTools (66)
[2015.06.14-08.55.01:452][402]LogModuleManager: Shutting down and abandoning module UMGEditor (65)
[2015.06.14-08.55.01:452][402]LogModuleManager: Shutting down and abandoning module UMG (64)
[2015.06.14-08.55.01:452][402]LogModuleManager: Shutting down and abandoning module Slate (63)
[2015.06.14-08.55.01:452][402]LogModuleManager: Shutting down and abandoning module EditorStyle (62)
[2015.06.14-08.55.01:461][402]LogModuleManager: Shutting down and abandoning module SessionServices (61)
[2015.06.14-08.55.01:461][402]LogModuleManager: Shutting down and abandoning module SourceCodeAccess (60)
[2015.06.14-08.55.01:461][402]LogModuleManager: Shutting down and abandoning module HeadMountedDisplay (59)
[2015.06.14-08.55.01:461][402]LogModuleManager: Shutting down and abandoning module XAudio2 (58)
[2015.06.14-08.55.01:461][402]LogModuleManager: Shutting down and abandoning module Networking (56)
[2015.06.14-08.55.01:461][402]LogModuleManager: Shutting down and abandoning module Core (55)
[2015.06.14-08.55.01:461][402]LogModuleManager: Shutting down and abandoning module KismetCompiler (54)
[2015.06.14-08.55.01:461][402]LogModuleManager: Shutting down and abandoning module PhysXFormats (53)
[2015.06.14-08.55.01:461][402]LogModuleManager: Shutting down and abandoning module MeshUtilities (52)
[2015.06.14-08.55.01:461][402]LogModuleManager: Shutting down and abandoning module DerivedDataCache (51)
[2015.06.14-08.55.01:550][402]LogDerivedDataCache: Shutdown
[2015.06.14-08.55.01:550][402]LogModuleManager: Shutting down and abandoning module ShaderFormatOpenGL (50)
[2015.06.14-08.55.01:550][402]LogModuleManager: Shutting down and abandoning module ShaderFormatD3D (49)
[2015.06.14-08.55.01:550][402]LogModuleManager: Shutting down and abandoning module MetalShaderFormat (48)
[2015.06.14-08.55.01:550][402]LogModuleManager: Shutting down and abandoning module TextureFormatUncompressed (47)
[2015.06.14-08.55.01:550][402]LogModuleManager: Shutting down and abandoning module TextureFormatPVR (46)
[2015.06.14-08.55.01:550][402]LogModuleManager: Shutting down and abandoning module TextureFormatIntelISPCTexComp (45)
[2015.06.14-08.55.01:550][402]LogModuleManager: Shutting down and abandoning module TextureFormatDXT (44)
[2015.06.14-08.55.01:550][402]LogModuleManager: Shutting down and abandoning module ImageWrapper (43)
[2015.06.14-08.55.01:550][402]LogModuleManager: Shutting down and abandoning module TextureFormatASTC (42)
[2015.06.14-08.55.01:550][402]LogModuleManager: Shutting down and abandoning module TextureFormatAndroid (41)
[2015.06.14-08.55.01:550][402]LogModuleManager: Shutting down and abandoning module AudioFormatOpus (40)
[2015.06.14-08.55.01:550][402]LogModuleManager: Shutting down and abandoning module AudioFormatOgg (39)
[2015.06.14-08.55.01:550][402]LogModuleManager: Shutting down and abandoning module AudioFormatADPCM (38)
[2015.06.14-08.55.01:550][402]LogModuleManager: Shutting down and abandoning module LinuxTargetPlatform (37)
[2015.06.14-08.55.01:550][402]LogModuleManager: Shutting down and abandoning module LinuxServerTargetPlatform (36)
[2015.06.14-08.55.01:550][402]LogModuleManager: Shutting down and abandoning module LinuxNoEditorTargetPlatform (35)
[2015.06.14-08.55.01:550][402]LogModuleManager: Shutting down and abandoning module Messaging (34)
[2015.06.14-08.55.01:550][402]LogModuleManager: Shutting down and abandoning module IOSTargetPlatform (33)
[2015.06.14-08.55.01:550][402]LogModuleManager: Shutting down and abandoning module HTML5TargetPlatform (32)
[2015.06.14-08.55.01:550][402]LogModuleManager: Shutting down and abandoning module Android_PVRTCTargetPlatform (31)
[2015.06.14-08.55.01:551][402]LogModuleManager: Shutting down and abandoning module Android_ETC2TargetPlatform (30)
[2015.06.14-08.55.01:551][402]LogModuleManager: Shutting down and abandoning module Android_ETC1TargetPlatform (29)
[2015.06.14-08.55.01:551][402]LogModuleManager: Shutting down and abandoning module Android_ES31TargetPlatform (28)
[2015.06.14-08.55.01:551][402]LogModuleManager: Shutting down and abandoning module Android_DXTTargetPlatform (27)
[2015.06.14-08.55.01:551][402]LogModuleManager: Shutting down and abandoning module Android_ATCTargetPlatform (26)
[2015.06.14-08.55.01:551][402]LogModuleManager: Shutting down and abandoning module AndroidTargetPlatform (25)
[2015.06.14-08.55.01:551][402]LogModuleManager: Shutting down and abandoning module WindowsTargetPlatform (24)
[2015.06.14-08.55.01:551][402]LogModuleManager: Shutting down and abandoning module WindowsServerTargetPlatform (23)
[2015.06.14-08.55.01:551][402]LogModuleManager: Shutting down and abandoning module WindowsNoEditorTargetPlatform (22)
[2015.06.14-08.55.01:551][402]LogModuleManager: Shutting down and abandoning module WindowsClientTargetPlatform (21)
[2015.06.14-08.55.01:551][402]LogModuleManager: Shutting down and abandoning module TargetPlatform (20)
[2015.06.14-08.55.01:551][402]LogModuleManager: Shutting down and abandoning module InputCore (19)
[2015.06.14-08.55.01:551][402]LogModuleManager: Shutting down and abandoning module Settings (18)
[2015.06.14-08.55.01:551][402]LogModuleManager: Shutting down and abandoning module OnlineSubsystem (16)
[2015.06.14-08.55.01:551][402]LogModuleManager: Shutting down and abandoning module OculusRift (15)
[2015.06.14-08.55.01:551][402]LogModuleManager: Shutting down and abandoning module ExampleDeviceProfileSelector (14)
[2015.06.14-08.55.01:551][402]LogModuleManager: Shutting down and abandoning module TextureCompressor (13)
[2015.06.14-08.55.01:551][402]LogModuleManager: Shutting down and abandoning module ShaderCore (12)
[2015.06.14-08.55.01:551][402]LogModuleManager: Shutting down and abandoning module Landscape (11)
[2015.06.14-08.55.01:551][402]LogModuleManager: Shutting down and abandoning module SlateRHIRenderer (10)
[2015.06.14-08.55.01:559][402]LogModuleManager: Shutting down and abandoning module OpenGLDrv (9)
[2015.06.14-08.55.01:559][402]LogModuleManager: Shutting down and abandoning module D3D11RHI (8)
[2015.06.14-08.55.01:559][402]LogModuleManager: Shutting down and abandoning module Renderer (7)
[2015.06.14-08.55.01:559][402]LogModuleManager: Shutting down and abandoning module Engine (6)
[2015.06.14-08.55.01:559][402]LogModuleManager: Shutting down and abandoning module CoreUObject (5)
[2015.06.14-08.55.01:559][402]LogModuleManager: Shutting down and abandoning module NetworkFile (4)
[2015.06.14-08.55.01:559][402]LogModuleManager: Shutting down and abandoning module StreamingFile (3)
[2015.06.14-08.55.01:559][402]LogModuleManager: Shutting down and abandoning module SandboxFile (2)
[2015.06.14-08.55.01:559][402]LogModuleManager: Shutting down and abandoning module PakFile (1)
[2015.06.14-08.55.01:560][402]LogExit: Exiting.
[2015.06.14-08.55.01:572][402]Log file closed, 06/14/15 16:55:01
