Log file open, 09/08/15 14:05:56
LogInit:Display: Running engine for game: ScrewMan
LogInit: Version: 4.7.6-2513093+++depot+UE4-Releases+4.7
LogInit: API Version: 2455222
LogInit: Compiled (64-bit): Apr 15 2015 12:09:54
LogInit: Compiled with Visual C++: 18.00.21005.01
LogInit: Build Configuration: Development
LogInit: Branch Name: ++depot+UE4-Releases+4.7
LogInit: Command line:  
LogInit: Base directory: E:/UnrealEngine4/Epic Games/4.7/Engine/Binaries/Win64/
LogInit: Rocket: 1
[2015.09.08-06.05.56:297][  0]LogTaskGraph: Started task graph with 3 named threads and 4 total threads.
[2015.09.08-06.05.56:348][  0]LogOnline:Warning: No default platform service specified for OnlineSubsystem
[2015.09.08-06.05.56:456][  0]LogInit: Presizing for 0 objects not considered by GC, pre-allocating 0 bytes.
[2015.09.08-06.05.56:629][  0]LogInit: Object subsystem initialized
[2015.09.08-06.05.56:777][  0]LogConsoleResponse:Warning: Skipping Unknown console variable: 'TranslucentSortAxis = (X=0.000000,Y=-1.000000,Z=0.000000)'
[2015.09.08-06.05.56:777][  0]LogConsoleResponse:Warning:   Found in ini file 'D:/Documents/Unreal Projects/ScrewMan/Saved/Config/Windows/Engine.ini', in section '[/Script/Engine.RendererSettings]'
[2015.09.08-06.05.56:777][  0]LogConsoleResponse:Warning: Skipping Unknown console variable: 'UIScaleRule = ShortestSide'
[2015.09.08-06.05.56:777][  0]LogConsoleResponse:Warning:   Found in ini file 'D:/Documents/Unreal Projects/ScrewMan/Saved/Config/Windows/Engine.ini', in section '[/Script/Engine.RendererSettings]'
[2015.09.08-06.05.56:777][  0]LogConsoleResponse:Warning: Skipping Unknown console variable: 'UIScaleCurve = (EditorCurveData=(Keys=),ExternalCurve=None)'
[2015.09.08-06.05.56:777][  0]LogConsoleResponse:Warning:   Found in ini file 'D:/Documents/Unreal Projects/ScrewMan/Saved/Config/Windows/Engine.ini', in section '[/Script/Engine.RendererSettings]'
[2015.09.08-06.05.56:845][  0]LogInit: Selected Device Profile: [Windows]
[2015.09.08-06.05.56:846][  0]LogInit: Applying CVar settings loaded from the selected device profile: [Windows]
[2015.09.08-06.05.56:956][  0]LogInit: Computer: PC201501221951
[2015.09.08-06.05.56:956][  0]LogInit: User: Administrator
[2015.09.08-06.05.56:956][  0]LogInit: CPU Page size=4096, Cores=2
[2015.09.08-06.05.56:956][  0]LogInit: High frequency timer resolution =2.435937 MHz
[2015.09.08-06.05.56:956][  0]LogMemory: Memory total: Physical=7.9GB (8GB approx) Virtual=8192.0GB
[2015.09.08-06.05.56:957][  0]LogMemory: Platform Memory Stats for Windows
[2015.09.08-06.05.56:957][  0]LogMemory: Process Physical Memory: 48.31 MB used, 48.31 MB peak
[2015.09.08-06.05.56:957][  0]LogMemory: Process Virtual Memory: 25.34 MB used, 25.34 MB peak
[2015.09.08-06.05.56:957][  0]LogMemory: Physical Memory: 2600.17 MB used, 8090.36 MB total
[2015.09.08-06.05.56:957][  0]LogMemory: Virtual Memory: 277.76 MB used, 8388608.00 MB total
[2015.09.08-06.05.57:095][  0]LogD3D11RHI: Found D3D11 adapter 0: Intel(R) HD Graphics 4000 (Feature Level 11_0)
[2015.09.08-06.05.57:096][  0]LogD3D11RHI: Adapter has 1071MB of dedicated video memory, 0MB of dedicated system memory, and 3789MB of shared system memory, 1 output[s]
[2015.09.08-06.05.57:096][  0]LogD3D11RHI: Chosen D3D11 Adapter Id = 0
[2015.09.08-06.05.57:100][  0]LogRHI: Texture pool is 1361 MB (70% of 1945 MB)
[2015.09.08-06.05.57:108][  0]LogD3D11RHI: Async texture creation enabled
[2015.09.08-06.05.59:520][  0]LogTextLocalizationManager: The requested culture ('en') has no localization data; parent culture's ('zh_CN') localization data will be used.
[2015.09.08-06.05.59:707][  0]LogTextLocalizationManager:Warning: Loading localization resources contain conflicting entries for (Namespace:UICommands, Key:Save_ToolTip):
Resource: (E:/UnrealEngine4/Epic Games/4.7/Engine/Content/Localization/Editor/en/Editor.locres) Hash: (-29098895) String: (Saves the current level to disk)
Resource: (E:/UnrealEngine4/Epic Games/4.7/Engine/Content/Localization/Engine/en/Engine.locres) Hash: (-1280300587) String: (Save selected data to vlog file)
[2015.09.08-06.05.59:707][  0]LogTextLocalizationManager:Warning: Loading localization resources contain conflicting entries for (Namespace:ContentBrowser, Key:ImportAssetToolTip):
Resource: (E:/UnrealEngine4/Epic Games/4.7/Engine/Content/Localization/Editor/en/Editor.locres) Hash: (-630476809) String: (Import to {0}...)
Resource: (E:/UnrealEngine4/Epic Games/4.7/Engine/Content/Localization/Editor/en/Editor.locres) Hash: (1271782899) String: (Imports an asset from file to this folder.)
[2015.09.08-06.05.59:823][  0]LogContentStreaming: Texture pool size is 0.000000MB
[2015.09.08-06.06.11:443][  0]LogTargetPlatformManager:Display: Building Assets For Windows
[2015.09.08-06.06.12:882][  0]LogTargetPlatformManager:Display: Building Assets For Windows
[2015.09.08-06.06.13:154][  0]LogDerivedDataCache:Display: Max Cache Size: 512 MB
[2015.09.08-06.06.13:653][  0]LogDerivedDataCache: Loaded boot cache 0.50s 40MB C:/Users/Administrator/AppData/Local/UnrealEngine/4.7/DerivedDataCache/Boot.ddc.
[2015.09.08-06.06.13:654][  0]LogDerivedDataCache:Display: Loaded Boot cache: C:/Users/Administrator/AppData/Local/UnrealEngine/4.7/DerivedDataCache/Boot.ddc
[2015.09.08-06.06.13:654][  0]LogDerivedDataCache: FDerivedDataBackendGraph:  Pak pak cache file D:/Documents/Unreal Projects/ScrewMan/DerivedDataCache/DDC.ddp not found, will not use a pak cache.
[2015.09.08-06.06.13:654][  0]LogDerivedDataCache: Unable to find inner node Pak for hierarchical cache Hierarchy.
[2015.09.08-06.06.13:892][  0]LogDerivedDataCache:Display: Pak cache opened for reading ../../../Engine/DerivedDataCache/Compressed.ddp.
[2015.09.08-06.06.13:927][  0]LogDerivedDataCache: Using Local data cache path C:/Users/Administrator/AppData/Local/UnrealEngine/Common/DerivedDataCache: Writable
[2015.09.08-06.06.21:350][  0]LogMeshUtilities: No automatic mesh reduction module available
[2015.09.08-06.06.21:350][  0]LogMeshUtilities: No automatic mesh merging module available
[2015.09.08-06.06.26:112][  0]LogInit: WinSock: version 1.1 (2.2), MaxSocks=32767, MaxUdp=65467
[2015.09.08-06.06.26:475][  0]LogSlate:Warning: Failed to load font data from '../../../Engine/Content/Slate/Fonts/Roboto-Italic.ttf'
[2015.09.08-06.06.53:598][  0]UdpMessaging: Initializing bridge on interface 0.0.0.0:0 to multicast group 230.0.0.1:6666.
[2015.09.08-06.06.54:577][  0]SourceControl: Info Source control is disabled
[2015.09.08-06.06.54:592][  0]SourceControl: Info Source control is disabled
[2015.09.08-06.06.54:592][  0]SourceControl: Info Source control is disabled
[2015.09.08-06.06.54:618][  0]SourceControl: Info Source control is disabled
[2015.09.08-06.06.55:707][  0]LogObj: 24232 objects as part of root set at end of initial load.
[2015.09.08-06.06.55:707][  0]LogUObjectAllocator: 5137176 out of 0 bytes used by permanent object pool.
[2015.09.08-06.06.56:395][  0]LogEngine: Initializing Engine...
[2015.09.08-06.06.59:192][  0]LogInit: XAudio2 using '扬声器/耳机 (IDT High Definition Audio CODEC)' : 2 channels at 48 kHz using 16 bits per sample (channel mask 0x3)
[2015.09.08-06.06.59:259][  0]LogInit: FAudioDevice initialized.
[2015.09.08-06.06.59:757][  0]LogAIModule: Creating AISystem for world NewWorld
[2015.09.08-06.06.59:895][  0]LogDerivedDataCache: Saved boot cache 0.02s 40MB C:/Users/Administrator/AppData/Local/UnrealEngine/4.7/DerivedDataCache/Boot.ddc.
[2015.09.08-06.06.59:899][  0]LogInit: Texture streaming: Enabled
[2015.09.08-06.07.00:793][  0]LogAnalytics: Creating configured Analytics provider AnalyticsET
[2015.09.08-06.07.00:793][  0]LogAnalytics: ET APIKey = Rocket.Release. APIServer = http://et2.epicgames.com/ET2/. AppVersion = 4.7.6-2513093+++depot+UE4-Releases+4.7
[2015.09.08-06.07.00:793][  0]LogAnalytics: ET APIKey = Rocket.Release. DataRouterUploadURL = https://datarouter-public-service-gamedev.ol.epicgames.net/datarouter/api/v1/public/data. AppVersion = 4.7.6-2513093+++depot+UE4-Releases+4.7
[2015.09.08-06.07.00:793][  0]LogAnalytics: SetUserId 8eecf5e34f10441dbbd8b7b6e9cef21d|57796e99f93b416d833f00f663f95934|7919e843-469e-437f-ba37-0772f10cf632
[2015.09.08-06.07.00:819][  0]LogAnalytics: AnalyticsET::StartSession [Rocket.Release]
[2015.09.08-06.07.01:280][  0]LogInit: Transaction tracking system initialized
[2015.09.08-06.07.02:933][  0]BlueprintLog: New page: Editor Load
[2015.09.08-06.07.03:137][  0]LogAssetRegistry: FAssetRegistry took 0.0381 seconds to start up
[2015.09.08-06.07.03:138][  0]LogDirectoryWatcher:Warning: Failed to begin reading directory changes for ../../../Engine/Plugins/Experimental/CharacterAI/Content/. Error: 0
[2015.09.08-06.07.07:243][  0]LogTargetPlatformManager:Display: Building Assets For Windows
[2015.09.08-06.07.07:977][  0]LogTargetPlatformManager:Display: Building Assets For Windows
[2015.09.08-06.07.09:475][  0]LogLinker:Warning: Asset '../../../Engine/Content/Tutorial/Mobile/SettingUpAndroidTutorial.uasset' has been saved with empty engine version. The asset will be loaded but may be incompatible.
[2015.09.08-06.07.09:910][  0]LogSlate:Warning: Failed to load font data from '../../../Engine/Content/Editor/Slate/Fonts/Roboto-Regular.ttf'
[2015.09.08-06.07.09:910][  0]LogSlate:Warning: Failed to load font data from '../../../Engine/Content/Editor/Slate/Fonts/Roboto-Bold.ttf'
[2015.09.08-06.07.10:060][  0]LogConsoleResponse:Display: 
[2015.09.08-06.07.13:160][  0]LogCook:Display: Done creating registry. It took  0.00s.
[2015.09.08-06.07.14:766][  0]SourceControl: Info Source control is disabled
[2015.09.08-06.07.14:831][  0]Cmd: MAP LOAD FILE="D:/Documents/Unreal Projects/ScrewMan/Content/Mapes/MainMap.umap" TEMPLATE=0 SHOWPROGRESS=1 FEATURELEVEL=3
[2015.09.08-06.07.14:870][  0]LightingResults: New page: Lighting Build
[2015.09.08-06.07.15:074][  0]MapCheck: New page: Map Check
[2015.09.08-06.07.15:074][  0]LightingResults: New page: Lighting Build
[2015.09.08-06.07.15:295][  0]LogParticles: Destroying 0 GPU particle simulations for FXSystem 0x00000000169FE520
[2015.09.08-06.07.20:787][  0]LogEditorServer: Finished looking for orphan Actors (0.000 secs)
[2015.09.08-06.07.20:815][  0]LogAIModule: Creating AISystem for world MainMap
[2015.09.08-06.07.20:829][  0]Cmd: MAP CHECKDEP
[2015.09.08-06.07.20:840][  0]MapCheck: New page: MainMap - Sep 8, 2015, 10:07:20 PM
[2015.09.08-06.07.21:228][  0]MapCheck: Info Map check complete: 0 Error(s), 0 Warning(s), took 399.411ms to complete.
[2015.09.08-06.07.21:229][  0]LogFileHelpers: Loading map 'MainMap' took 6.435
[2015.09.08-06.07.23:136][  0]LogCollectionManager: Loaded 0 collections in 0.002239 seconds
[2015.09.08-06.07.23:213][  0]LogContentBrowser: Native class hierarchy populated in 0.0651 seconds. Added 1696 classes and 261 folders.
[2015.09.08-06.07.23:542][  0]LogContentBrowser: Native class hierarchy updated for 'SceneOutliner' in 0.0024 seconds. Added 1 classes and 2 folders.
[2015.09.08-06.07.24:075][  0]LogCrashTracker: Crashtracker disabled due to settings.
[2015.09.08-06.07.24:109][  0]LogSlate:Warning: Failed to load font data from 'Veranda'
[2015.09.08-06.07.24:260][  0]LogUObjectGlobals:Warning: Failed to find object 'Class None.'
[2015.09.08-06.07.24:464][  0]LogLoad: Full Startup: 101.50 seconds (BP compile: 0.84 seconds)
[2015.09.08-06.07.24:590][  0]LogContentBrowser:Verbose: The content browser source was changed by the sources view to '/Game/FlipBooks'
[2015.09.08-06.07.25:391][  0]LogRenderer:Warning: Reallocating scene render targets to support 784x384 (Frame:2).
[2015.09.08-06.07.27:086][  5]LogAssetRegistry: Asset discovery search completed in 23.9866 seconds
[2015.09.08-06.07.33:667][283]LogPlayLevel: PIE:  No blueprints needed recompiling
[2015.09.08-06.07.33:685][283]PIE: New page: PIE session: MainMap (Sep 8, 2015, 10:07:33 PM)
[2015.09.08-06.07.33:687][283]LogPlayLevel: PIE: StaticDuplicateObject took: (0.001231s)
[2015.09.08-06.07.33:688][283]LogPlayLevel: PIE: World Init took: (0.000597s)
[2015.09.08-06.07.33:688][283]LogPlayLevel: PIE: Created PIE world by copying editor world from /Game/Mapes/MainMap.MainMap to /Game/Mapes/UEDPIE_0_MainMap.MainMap (0.002023s)
[2015.09.08-06.07.34:033][283]LogWorld: Game class is 'LSLGameModel_C'
[2015.09.08-06.07.34:724][283]LogAIModule: Creating AISystem for world MainMap
[2015.09.08-06.07.34:726][283]LogWorld: Bringing World /Game/Mapes/UEDPIE_0_MainMap.MainMap up for play (max tick rate 60) at 2015.09.08-14.07.34
[2015.09.08-06.07.34:761][283]LogWorld: Bringing up level for play took: 0.036547
[2015.09.08-06.07.34:848][283]PIE: Info Play in editor start time for /Game/Mapes/UEDPIE_0_MainMap 1.388
[2015.09.08-06.07.46:904][645]LogSynthBenchmark:Display: FSynthBenchmark (V0.95):  requested WorkScale=1.00
[2015.09.08-06.07.46:904][645]LogSynthBenchmark:Display: ===============
[2015.09.08-06.07.46:904][645]LogSynthBenchmark:Display: Main Processor:
[2015.09.08-06.07.46:955][645]LogSynthBenchmark:Display:          ... 0.023822 s/Run 'RayIntersect'
[2015.09.08-06.07.46:955][645]LogSynthBenchmark:Display:          ... 0.026901 s/Run 'Fractal'
[2015.09.08-06.07.46:955][645]LogSynthBenchmark:Display: 
[2015.09.08-06.07.46:955][645]LogSynthBenchmark:Display:   CompiledTarget_x_Bits: 64
[2015.09.08-06.07.46:955][645]LogSynthBenchmark:Display:   UE_BUILD_SHIPPING: 0
[2015.09.08-06.07.46:955][645]LogSynthBenchmark:Display:   UE_BUILD_TEST: 0
[2015.09.08-06.07.46:955][645]LogSynthBenchmark:Display:   UE_BUILD_DEBUG: 0
[2015.09.08-06.07.46:955][645]LogSynthBenchmark:Display:   TotalPhysicalGBRam: 8
[2015.09.08-06.07.46:955][645]LogSynthBenchmark:Display:   NumberOfCores (physical): 2
[2015.09.08-06.07.46:955][645]LogSynthBenchmark:Display:   NumberOfCores (logical): 4
[2015.09.08-06.07.46:955][645]LogSynthBenchmark:Display:   CPU Perf Index 0: 107.5
[2015.09.08-06.07.46:955][645]LogSynthBenchmark:Display:   CPU Perf Index 1: 106.3
[2015.09.08-06.07.46:955][645]LogSynthBenchmark:Display:  
[2015.09.08-06.07.46:955][645]LogSynthBenchmark:Display: Graphics:
[2015.09.08-06.07.46:955][645]LogSynthBenchmark:Display:   Adapter Name: 'Intel(R) HD Graphics 4000'
[2015.09.08-06.07.46:955][645]LogSynthBenchmark:Display:   (On Optimus the name might be wrong, memory should be ok)
[2015.09.08-06.07.46:955][645]LogSynthBenchmark:Display:   Vendor Id: 0x8086
[2015.09.08-06.07.46:955][645]LogSynthBenchmark:Display:   GPU Memory: 1072/0/3790 MB
[2015.09.08-06.07.46:955][645]LogSynthBenchmark:Display:   CPUIndex: 107.5
[2015.09.08-06.07.46:955][645]LogSynthBenchmark:Display:   GPUIndex: -1.$
[2015.09.08-06.07.46:955][645]LogSynthBenchmark:Display: 
[2015.09.08-06.07.46:955][645]LogSynthBenchmark:Display:          ... Total Time: 0.051039 sec
[2015.09.08-06.08.17:432][713]LogParticles: Destroying 0 GPU particle simulations for FXSystem 0x0000000021EF22A0
[2015.09.08-06.08.23:269][999]Cmd: QUIT_EDITOR
[2015.09.08-06.08.23:632][999]LogExit: Preparing to exit.
[2015.09.08-06.08.24:903][999]LogExit: Editor shut down
[2015.09.08-06.08.24:904][999]LogExit: Transaction tracking system shut down
[2015.09.08-06.08.24:905][999]LogParticles: Destroying 0 GPU particle simulations for FXSystem 0x000000000418DF80
[2015.09.08-06.08.25:817][999]LogParticles: Destroying 0 GPU particle simulations for FXSystem 0x000000000D737100
[2015.09.08-06.08.25:817][999]LogParticles: Destroying 0 GPU particle simulations for FXSystem 0x000000000D834AE0
[2015.09.08-06.08.25:817][999]LogExit: Object subsystem successfully closed.
[2015.09.08-06.08.26:051][999]LogModuleManager: Shutting down and abandoning module SynthBenchmark (178)
[2015.09.08-06.08.26:051][999]LogModuleManager: Shutting down and abandoning module CrashTracker (177)
[2015.09.08-06.08.26:051][999]LogModuleManager: Shutting down and abandoning module SuperSearch (176)
[2015.09.08-06.08.26:051][999]LogModuleManager: Shutting down and abandoning module SceneOutliner (175)
[2015.09.08-06.08.26:068][999]LogModuleManager: Shutting down and abandoning module EditorWidgets (174)
[2015.09.08-06.08.26:068][999]LogModuleManager: Shutting down and abandoning module CollectionManager (173)
[2015.09.08-06.08.26:078][999]LogModuleManager: Shutting down and abandoning module StatsViewer (172)
[2015.09.08-06.08.26:094][999]LogModuleManager: Shutting down and abandoning module FoliageEdit (171)
[2015.09.08-06.08.26:094][999]LogModuleManager: Shutting down and abandoning module LandscapeEditor (170)
[2015.09.08-06.08.26:106][999]LogModuleManager: Shutting down and abandoning module MeshPaint (169)
[2015.09.08-06.08.26:106][999]LogModuleManager: Shutting down and abandoning module ActorPickerMode (168)
[2015.09.08-06.08.26:106][999]LogModuleManager: Shutting down and abandoning module GeometryMode (167)
[2015.09.08-06.08.26:106][999]LogModuleManager: Shutting down and abandoning module TextureAlignMode (166)
[2015.09.08-06.08.26:106][999]LogModuleManager: Shutting down and abandoning module BspMode (165)
[2015.09.08-06.08.26:106][999]LogModuleManager: Shutting down and abandoning module PlacementMode (164)
[2015.09.08-06.08.26:106][999]LogModuleManager: Shutting down and abandoning module AutomationWorker (163)
[2015.09.08-06.08.26:106][999]LogModuleManager: Shutting down and abandoning module CharacterAI (162)
[2015.09.08-06.08.26:106][999]LogModuleManager: Shutting down and abandoning module SmartSnapping (161)
[2015.09.08-06.08.26:106][999]LogModuleManager: Shutting down and abandoning module ViewportSnapping (160)
[2015.09.08-06.08.26:106][999]LogModuleManager: Shutting down and abandoning module LogVisualizer (159)
[2015.09.08-06.08.26:107][999]LogModuleManager: Shutting down and abandoning module GameProjectGeneration (158)
[2015.09.08-06.08.26:121][999]LogModuleManager: Shutting down and abandoning module IntroTutorials (157)
[2015.09.08-06.08.26:163][999]LogModuleManager: Shutting down and abandoning module EditorLiveStreaming (156)
[2015.09.08-06.08.26:163][999]LogModuleManager: Shutting down and abandoning module HardwareTargeting (155)
[2015.09.08-06.08.26:163][999]LogModuleManager: Shutting down and abandoning module DeviceProfileEditor (154)
[2015.09.08-06.08.26:163][999]LogModuleManager: Shutting down and abandoning module UndoHistory (153)
[2015.09.08-06.08.26:163][999]LogModuleManager: Shutting down and abandoning module GameplayTagsEditor (152)
[2015.09.08-06.08.26:163][999]LogModuleManager: Shutting down and abandoning module UserFeedback (151)
[2015.09.08-06.08.26:163][999]LogModuleManager: Shutting down and abandoning module XmlParser (150)
[2015.09.08-06.08.26:163][999]LogModuleManager: Shutting down and abandoning module Blutility (149)
[2015.09.08-06.08.26:163][999]LogModuleManager: Shutting down and abandoning module IOSPlatformEditor (148)
[2015.09.08-06.08.26:163][999]LogModuleManager: Shutting down and abandoning module IOSRuntimeSettings (147)
[2015.09.08-06.08.26:163][999]LogModuleManager: Shutting down and abandoning module AndroidDeviceDetection (146)
[2015.09.08-06.08.26:431][999]LogModuleManager: Shutting down and abandoning module AndroidPlatformEditor (145)
[2015.09.08-06.08.26:431][999]LogModuleManager: Shutting down and abandoning module AndroidRuntimeSettings (144)
[2015.09.08-06.08.26:431][999]LogModuleManager: Shutting down and abandoning module ProjectTargetPlatformEditor (143)
[2015.09.08-06.08.26:431][999]LogModuleManager: Shutting down and abandoning module ProjectSettingsViewer (142)
[2015.09.08-06.08.26:431][999]LogModuleManager: Shutting down and abandoning module InputBindingEditor (141)
[2015.09.08-06.08.26:431][999]LogModuleManager: Shutting down and abandoning module EditorSettingsViewer (140)
[2015.09.08-06.08.26:431][999]LogModuleManager: Shutting down and abandoning module SettingsEditor (139)
[2015.09.08-06.08.26:448][999]LogModuleManager: Shutting down and abandoning module ProjectLauncher (138)
[2015.09.08-06.08.26:448][999]LogModuleManager: Shutting down and abandoning module SessionFrontend (137)
[2015.09.08-06.08.26:448][999]LogModuleManager: Shutting down and abandoning module ProfilerClient (136)
[2015.09.08-06.08.26:464][999]LogModuleManager: Shutting down and abandoning module TargetDeviceServices (135)
[2015.09.08-06.08.26:464][999]LogModuleManager: Shutting down and abandoning module DeviceManager (134)
[2015.09.08-06.08.26:464][999]LogModuleManager: Shutting down and abandoning module AutomationController (133)
[2015.09.08-06.08.26:464][999]LogModuleManager: Shutting down and abandoning module AutomationWindow (132)
[2015.09.08-06.08.26:477][999]LogModuleManager: Shutting down and abandoning module Layers (131)
[2015.09.08-06.08.26:498][999]LogModuleManager: Shutting down and abandoning module ComponentVisualizers (130)
[2015.09.08-06.08.26:498][999]LogModuleManager: Shutting down and abandoning module DetailCustomizations (129)
[2015.09.08-06.08.26:528][999]LogModuleManager: Shutting down and abandoning module PackagesDialog (128)
[2015.09.08-06.08.26:538][999]LogModuleManager: Shutting down and abandoning module AssetRegistry (127)
[2015.09.08-06.08.26:609][999]LogModuleManager: Shutting down and abandoning module Persona (126)
[2015.09.08-06.08.26:616][999]LogModuleManager: Shutting down and abandoning module SlateReflector (125)
[2015.09.08-06.08.26:632][999]LogModuleManager: Shutting down and abandoning module LevelEditor (124)
[2015.09.08-06.08.26:633][999]LogModuleManager: Shutting down and abandoning module Kismet (123)
[2015.09.08-06.08.26:633][999]LogModuleManager: Shutting down and abandoning module GraphEditor (122)
[2015.09.08-06.08.26:680][999]LogModuleManager: Shutting down and abandoning module ClassViewer (121)
[2015.09.08-06.08.26:680][999]LogModuleManager: Shutting down and abandoning module Toolbox (120)
[2015.09.08-06.08.26:680][999]LogModuleManager: Shutting down and abandoning module ModuleUI (119)
[2015.09.08-06.08.26:695][999]LogModuleManager: Shutting down and abandoning module MovieSceneTools (118)
[2015.09.08-06.08.26:710][999]LogModuleManager: Shutting down and abandoning module OutputLog (117)
[2015.09.08-06.08.26:710][999]LogModuleManager: Shutting down and abandoning module GammaUI (116)
[2015.09.08-06.08.26:720][999]LogModuleManager: Shutting down and abandoning module Documentation (115)
[2015.09.08-06.08.26:720][999]LogModuleManager: Shutting down and abandoning module GameLiveStreaming (114)
[2015.09.08-06.08.26:720][999]LogModuleManager: Shutting down and abandoning module StreamingPauseRendering (113)
[2015.09.08-06.08.26:720][999]LogModuleManager: Shutting down and abandoning module HTTP (112)
[2015.09.08-06.08.26:721][999]LogModuleManager: Shutting down and abandoning module AnalyticsET (111)
[2015.09.08-06.08.26:721][999]LogModuleManager: Shutting down and abandoning module Analytics (110)
[2015.09.08-06.08.26:721][999]LogModuleManager: Shutting down and abandoning module AITestSuite (109)
[2015.09.08-06.08.26:721][999]LogModuleManager: Shutting down and abandoning module GameplayDebugger (108)
[2015.09.08-06.08.26:721][999]LogModuleManager: Shutting down and abandoning module AIModule (107)
[2015.09.08-06.08.26:721][999]LogModuleManager: Shutting down and abandoning module ProfilerService (106)
[2015.09.08-06.08.26:898][999]LogModuleManager: Shutting down and abandoning module TaskGraph (105)
[2015.09.08-06.08.26:912][999]LogModuleManager: Shutting down and abandoning module SlateRemote (104)
[2015.09.08-06.08.26:912][999]LogModuleManager: Shutting down and abandoning module ScriptEditorPlugin (103)
[2015.09.08-06.08.26:912][999]LogModuleManager: Shutting down and abandoning module CustomMeshComponent (102)
[2015.09.08-06.08.26:912][999]LogModuleManager: Shutting down and abandoning module CableComponent (101)
[2015.09.08-06.08.26:913][999]LogModuleManager: Shutting down and abandoning module MessagingDebugger (100)
[2015.09.08-06.08.26:932][999]LogModuleManager: Shutting down and abandoning module MediaPlayerEditor (99)
[2015.09.08-06.08.26:944][999]LogModuleManager: Shutting down and abandoning module SpeedTreeImporter (98)
[2015.09.08-06.08.26:944][999]LogModuleManager: Shutting down and abandoning module PluginsEditor (97)
[2015.09.08-06.08.26:944][999]LogModuleManager: Shutting down and abandoning module MainFrame (96)
[2015.09.08-06.08.26:944][999]LogModuleManager: Shutting down and abandoning module EpicSurvey (95)
[2015.09.08-06.08.26:944][999]LogModuleManager: Shutting down and abandoning module DesktopPlatform (94)
[2015.09.08-06.08.26:944][999]LogModuleManager: Shutting down and abandoning module DirectoryWatcher (93)
[2015.09.08-06.08.26:944][999]LogModuleManager: Shutting down and abandoning module HotReload (92)
[2015.09.08-06.08.26:944][999]LogModuleManager: Shutting down and abandoning module VisualStudioSourceCodeAccess (91)
[2015.09.08-06.08.26:944][999]LogModuleManager: Shutting down and abandoning module UObjectPlugin (90)
[2015.09.08-06.08.26:944][999]LogModuleManager: Shutting down and abandoning module SubversionSourceControl (89)
[2015.09.08-06.08.26:944][999]LogModuleManager: Shutting down and abandoning module PerforceSourceControl (88)
[2015.09.08-06.08.26:957][999]LogModuleManager: Shutting down and abandoning module SourceControl (87)
[2015.09.08-06.08.26:957][999]LogModuleManager: Shutting down and abandoning module GitSourceControl (86)
[2015.09.08-06.08.26:957][999]LogModuleManager: Shutting down and abandoning module BlankPlugin (85)
[2015.09.08-06.08.26:957][999]LogModuleManager: Shutting down and abandoning module PaperTiledImporter (84)
[2015.09.08-06.08.26:957][999]LogModuleManager: Shutting down and abandoning module PaperJsonImporter (83)
[2015.09.08-06.08.26:957][999]LogModuleManager: Shutting down and abandoning module ContentBrowser (82)
[2015.09.08-06.08.26:958][999]LogModuleManager: Shutting down and abandoning module Paper2DEditor (81)
[2015.09.08-06.08.26:958][999]LogModuleManager: Shutting down and abandoning module ScriptPlugin (80)
[2015.09.08-06.08.26:975][999]LogModuleManager: Shutting down and abandoning module UdpMessaging (79)
[2015.09.08-06.08.27:075][999]LogModuleManager: Shutting down and abandoning module Paper2D (78)
[2015.09.08-06.08.27:075][999]LogModuleManager: Shutting down and abandoning module WindowsMoviePlayer (77)
[2015.09.08-06.08.27:077][999]LogModuleManager: Shutting down and abandoning module Media (76)
[2015.09.08-06.08.27:077][999]LogModuleManager: Shutting down and abandoning module WmfMedia (75)
[2015.09.08-06.08.27:078][999]LogModuleManager: Shutting down and abandoning module OnlineBlueprintSupport (74)
[2015.09.08-06.08.27:078][999]LogModuleManager: Shutting down and abandoning module PropertyEditor (73)
[2015.09.08-06.08.27:086][999]LogModuleManager: Shutting down and abandoning module BehaviorTreeEditor (72)
[2015.09.08-06.08.27:105][999]LogModuleManager: Shutting down and abandoning module FunctionalTesting (71)
[2015.09.08-06.08.27:105][999]LogModuleManager: Shutting down and abandoning module CollisionAnalyzer (70)
[2015.09.08-06.08.27:112][999]LogModuleManager: Shutting down and abandoning module WorkspaceMenuStructure (69)
[2015.09.08-06.08.27:112][999]LogModuleManager: Shutting down and abandoning module MessageLog (68)
[2015.09.08-06.08.27:112][999]LogModuleManager: Shutting down and abandoning module Sequencer (67)
[2015.09.08-06.08.27:134][999]LogModuleManager: Shutting down and abandoning module AssetTools (66)
[2015.09.08-06.08.27:156][999]LogModuleManager: Shutting down and abandoning module UMGEditor (65)
[2015.09.08-06.08.27:163][999]LogModuleManager: Shutting down and abandoning module UMG (64)
[2015.09.08-06.08.27:169][999]LogModuleManager: Shutting down and abandoning module Slate (63)
[2015.09.08-06.08.27:169][999]LogModuleManager: Shutting down and abandoning module EditorStyle (62)
[2015.09.08-06.08.27:175][999]LogModuleManager: Shutting down and abandoning module SessionServices (61)
[2015.09.08-06.08.27:175][999]LogModuleManager: Shutting down and abandoning module SourceCodeAccess (60)
[2015.09.08-06.08.27:175][999]LogModuleManager: Shutting down and abandoning module HeadMountedDisplay (59)
[2015.09.08-06.08.27:175][999]LogModuleManager: Shutting down and abandoning module XAudio2 (58)
[2015.09.08-06.08.27:175][999]LogModuleManager: Shutting down and abandoning module Networking (56)
[2015.09.08-06.08.27:175][999]LogModuleManager: Shutting down and abandoning module Core (55)
[2015.09.08-06.08.27:175][999]LogModuleManager: Shutting down and abandoning module KismetCompiler (54)
[2015.09.08-06.08.27:175][999]LogModuleManager: Shutting down and abandoning module PhysXFormats (53)
[2015.09.08-06.08.27:175][999]LogModuleManager: Shutting down and abandoning module MeshUtilities (52)
[2015.09.08-06.08.27:184][999]LogModuleManager: Shutting down and abandoning module DerivedDataCache (51)
[2015.09.08-06.08.27:228][999]LogDerivedDataCache: Shutdown
[2015.09.08-06.08.27:228][999]LogModuleManager: Shutting down and abandoning module ShaderFormatOpenGL (50)
[2015.09.08-06.08.27:237][999]LogModuleManager: Shutting down and abandoning module ShaderFormatD3D (49)
[2015.09.08-06.08.27:237][999]LogModuleManager: Shutting down and abandoning module MetalShaderFormat (48)
[2015.09.08-06.08.27:248][999]LogModuleManager: Shutting down and abandoning module TextureFormatUncompressed (47)
[2015.09.08-06.08.27:248][999]LogModuleManager: Shutting down and abandoning module TextureFormatPVR (46)
[2015.09.08-06.08.27:248][999]LogModuleManager: Shutting down and abandoning module TextureFormatIntelISPCTexComp (45)
[2015.09.08-06.08.27:248][999]LogModuleManager: Shutting down and abandoning module TextureFormatDXT (44)
[2015.09.08-06.08.27:248][999]LogModuleManager: Shutting down and abandoning module ImageWrapper (43)
[2015.09.08-06.08.27:248][999]LogModuleManager: Shutting down and abandoning module TextureFormatASTC (42)
[2015.09.08-06.08.27:248][999]LogModuleManager: Shutting down and abandoning module TextureFormatAndroid (41)
[2015.09.08-06.08.27:248][999]LogModuleManager: Shutting down and abandoning module AudioFormatOpus (40)
[2015.09.08-06.08.27:248][999]LogModuleManager: Shutting down and abandoning module AudioFormatOgg (39)
[2015.09.08-06.08.27:248][999]LogModuleManager: Shutting down and abandoning module AudioFormatADPCM (38)
[2015.09.08-06.08.27:248][999]LogModuleManager: Shutting down and abandoning module LinuxTargetPlatform (37)
[2015.09.08-06.08.27:248][999]LogModuleManager: Shutting down and abandoning module LinuxServerTargetPlatform (36)
[2015.09.08-06.08.27:248][999]LogModuleManager: Shutting down and abandoning module LinuxNoEditorTargetPlatform (35)
[2015.09.08-06.08.27:248][999]LogModuleManager: Shutting down and abandoning module Messaging (34)
[2015.09.08-06.08.27:248][999]LogModuleManager: Shutting down and abandoning module IOSTargetPlatform (33)
[2015.09.08-06.08.27:248][999]LogModuleManager: Shutting down and abandoning module HTML5TargetPlatform (32)
[2015.09.08-06.08.27:248][999]LogModuleManager: Shutting down and abandoning module Android_PVRTCTargetPlatform (31)
[2015.09.08-06.08.27:248][999]LogModuleManager: Shutting down and abandoning module Android_ETC2TargetPlatform (30)
[2015.09.08-06.08.27:248][999]LogModuleManager: Shutting down and abandoning module Android_ETC1TargetPlatform (29)
[2015.09.08-06.08.27:248][999]LogModuleManager: Shutting down and abandoning module Android_ES31TargetPlatform (28)
[2015.09.08-06.08.27:248][999]LogModuleManager: Shutting down and abandoning module Android_DXTTargetPlatform (27)
[2015.09.08-06.08.27:248][999]LogModuleManager: Shutting down and abandoning module Android_ATCTargetPlatform (26)
[2015.09.08-06.08.27:248][999]LogModuleManager: Shutting down and abandoning module AndroidTargetPlatform (25)
[2015.09.08-06.08.27:248][999]LogModuleManager: Shutting down and abandoning module WindowsTargetPlatform (24)
[2015.09.08-06.08.27:248][999]LogModuleManager: Shutting down and abandoning module WindowsServerTargetPlatform (23)
[2015.09.08-06.08.27:248][999]LogModuleManager: Shutting down and abandoning module WindowsNoEditorTargetPlatform (22)
[2015.09.08-06.08.27:248][999]LogModuleManager: Shutting down and abandoning module WindowsClientTargetPlatform (21)
[2015.09.08-06.08.27:248][999]LogModuleManager: Shutting down and abandoning module TargetPlatform (20)
[2015.09.08-06.08.27:248][999]LogModuleManager: Shutting down and abandoning module InputCore (19)
[2015.09.08-06.08.27:248][999]LogModuleManager: Shutting down and abandoning module Settings (18)
[2015.09.08-06.08.27:248][999]LogModuleManager: Shutting down and abandoning module OnlineSubsystem (16)
[2015.09.08-06.08.27:248][999]LogModuleManager: Shutting down and abandoning module OculusRift (15)
[2015.09.08-06.08.27:248][999]LogModuleManager: Shutting down and abandoning module ExampleDeviceProfileSelector (14)
[2015.09.08-06.08.27:248][999]LogModuleManager: Shutting down and abandoning module TextureCompressor (13)
[2015.09.08-06.08.27:249][999]LogModuleManager: Shutting down and abandoning module ShaderCore (12)
[2015.09.08-06.08.27:249][999]LogModuleManager: Shutting down and abandoning module Landscape (11)
[2015.09.08-06.08.27:249][999]LogModuleManager: Shutting down and abandoning module SlateRHIRenderer (10)
[2015.09.08-06.08.27:250][999]LogModuleManager: Shutting down and abandoning module OpenGLDrv (9)
[2015.09.08-06.08.27:250][999]LogModuleManager: Shutting down and abandoning module D3D11RHI (8)
[2015.09.08-06.08.27:250][999]LogModuleManager: Shutting down and abandoning module Renderer (7)
[2015.09.08-06.08.27:250][999]LogModuleManager: Shutting down and abandoning module Engine (6)
[2015.09.08-06.08.27:250][999]LogModuleManager: Shutting down and abandoning module CoreUObject (5)
[2015.09.08-06.08.27:250][999]LogModuleManager: Shutting down and abandoning module NetworkFile (4)
[2015.09.08-06.08.27:250][999]LogModuleManager: Shutting down and abandoning module StreamingFile (3)
[2015.09.08-06.08.27:250][999]LogModuleManager: Shutting down and abandoning module SandboxFile (2)
[2015.09.08-06.08.27:250][999]LogModuleManager: Shutting down and abandoning module PakFile (1)
[2015.09.08-06.08.27:268][999]LogExit: Exiting.
[2015.09.08-06.08.27:282][999]Log file closed, 09/08/15 14:08:27
